{"numFailedTestSuites":5,"numFailedTests":4,"numPassedTestSuites":39,"numPassedTests":580,"numPendingTestSuites":0,"numPendingTests":0,"numRuntimeErrorTestSuites":1,"numTodoTests":0,"numTotalTestSuites":44,"numTotalTests":584,"openHandles":[],"snapshot":{"added":0,"didUpdate":false,"failure":false,"filesAdded":0,"filesRemoved":0,"filesRemovedList":[],"filesUnmatched":0,"filesUpdated":0,"matched":0,"total":0,"unchecked":0,"uncheckedKeysByFile":[],"unmatched":0,"updated":0},"startTime":1753349179911,"success":false,"testResults":[{"assertionResults":[{"ancestorTitles":["TrackingStatusService","create"],"duration":13,"failureDetails":[],"failureMessages":[],"fullName":"TrackingStatusService create should create and return a tracking status (success)","invocations":1,"location":null,"numPassingAsserts":7,"retryReasons":[],"status":"passed","title":"should create and return a tracking status (success)"},{"ancestorTitles":["TrackingStatusService","create"],"duration":2,"failureDetails":[],"failureMessages":[],"fullName":"TrackingStatusService create should throw NotFoundException if work history not found","invocations":1,"location":null,"numPassingAsserts":1,"retryReasons":[],"status":"passed","title":"should throw NotFoundException if work history not found"},{"ancestorTitles":["TrackingStatusService","create"],"duration":1,"failureDetails":[],"failureMessages":[],"fullName":"TrackingStatusService create should throw NotFoundException if project group not found","invocations":1,"location":null,"numPassingAsserts":1,"retryReasons":[],"status":"passed","title":"should throw NotFoundException if project group not found"},{"ancestorTitles":["TrackingStatusService","create"],"duration":0,"failureDetails":[],"failureMessages":[],"fullName":"TrackingStatusService create should throw NotFoundException if status not found","invocations":1,"location":null,"numPassingAsserts":1,"retryReasons":[],"status":"passed","title":"should throw NotFoundException if status not found"},{"ancestorTitles":["TrackingStatusService","create"],"duration":2,"failureDetails":[],"failureMessages":[],"fullName":"TrackingStatusService create should throw ConflictException (DB unique violation)","invocations":1,"location":null,"numPassingAsserts":1,"retryReasons":[],"status":"passed","title":"should throw ConflictException (DB unique violation)"},{"ancestorTitles":["TrackingStatusService","create"],"duration":1,"failureDetails":[],"failureMessages":[],"fullName":"TrackingStatusService create should throw BadRequestException (invalid input)","invocations":1,"location":null,"numPassingAsserts":1,"retryReasons":[],"status":"passed","title":"should throw BadRequestException (invalid input)"},{"ancestorTitles":["TrackingStatusService","create"],"duration":2,"failureDetails":[],"failureMessages":[],"fullName":"TrackingStatusService create should throw InternalServerErrorException (other DB error)","invocations":1,"location":null,"numPassingAsserts":1,"retryReasons":[],"status":"passed","title":"should throw InternalServerErrorException (other DB error)"},{"ancestorTitles":["TrackingStatusService","create"],"duration":1,"failureDetails":[],"failureMessages":[],"fullName":"TrackingStatusService create should handle edge case: empty projectId","invocations":1,"location":null,"numPassingAsserts":1,"retryReasons":[],"status":"passed","title":"should handle edge case: empty projectId"},{"ancestorTitles":["TrackingStatusService","findAll"],"duration":3,"failureDetails":[],"failureMessages":[],"fullName":"TrackingStatusService findAll should return all tracking statuses (success)","invocations":1,"location":null,"numPassingAsserts":2,"retryReasons":[],"status":"passed","title":"should return all tracking statuses (success)"},{"ancestorTitles":["TrackingStatusService","findAll"],"duration":0,"failureDetails":[],"failureMessages":[],"fullName":"TrackingStatusService findAll should throw InternalServerErrorException","invocations":1,"location":null,"numPassingAsserts":1,"retryReasons":[],"status":"passed","title":"should throw InternalServerErrorException"},{"ancestorTitles":["TrackingStatusService","findOne"],"duration":2,"failureDetails":[],"failureMessages":[],"fullName":"TrackingStatusService findOne should return a tracking status by id (success)","invocations":1,"location":null,"numPassingAsserts":2,"retryReasons":[],"status":"passed","title":"should return a tracking status by id (success)"},{"ancestorTitles":["TrackingStatusService","findOne"],"duration":1,"failureDetails":[],"failureMessages":[],"fullName":"TrackingStatusService findOne should throw NotFoundException if tracking status not found","invocations":1,"location":null,"numPassingAsserts":1,"retryReasons":[],"status":"passed","title":"should throw NotFoundException if tracking status not found"},{"ancestorTitles":["TrackingStatusService","findOne"],"duration":1,"failureDetails":[],"failureMessages":[],"fullName":"TrackingStatusService findOne should throw InternalServerErrorException","invocations":1,"location":null,"numPassingAsserts":1,"retryReasons":[],"status":"passed","title":"should throw InternalServerErrorException"},{"ancestorTitles":["TrackingStatusService","findOne"],"duration":0,"failureDetails":[],"failureMessages":[],"fullName":"TrackingStatusService findOne should handle edge case: empty id","invocations":1,"location":null,"numPassingAsserts":1,"retryReasons":[],"status":"passed","title":"should handle edge case: empty id"},{"ancestorTitles":["TrackingStatusService","update"],"duration":1,"failureDetails":[],"failureMessages":[],"fullName":"TrackingStatusService update should update and return the tracking status (success)","invocations":1,"location":null,"numPassingAsserts":4,"retryReasons":[],"status":"passed","title":"should update and return the tracking status (success)"},{"ancestorTitles":["TrackingStatusService","update"],"duration":1,"failureDetails":[],"failureMessages":[],"fullName":"TrackingStatusService update should throw NotFoundException if tracking status not found","invocations":1,"location":null,"numPassingAsserts":1,"retryReasons":[],"status":"passed","title":"should throw NotFoundException if tracking status not found"},{"ancestorTitles":["TrackingStatusService","update"],"duration":0,"failureDetails":[],"failureMessages":[],"fullName":"TrackingStatusService update should throw NotFoundException if status not found","invocations":1,"location":null,"numPassingAsserts":1,"retryReasons":[],"status":"passed","title":"should throw NotFoundException if status not found"},{"ancestorTitles":["TrackingStatusService","update"],"duration":1,"failureDetails":[],"failureMessages":[],"fullName":"TrackingStatusService update should throw InternalServerErrorException","invocations":1,"location":null,"numPassingAsserts":1,"retryReasons":[],"status":"passed","title":"should throw InternalServerErrorException"},{"ancestorTitles":["TrackingStatusService","update"],"duration":1,"failureDetails":[],"failureMessages":[],"fullName":"TrackingStatusService update should handle edge case: empty id","invocations":1,"location":null,"numPassingAsserts":1,"retryReasons":[],"status":"passed","title":"should handle edge case: empty id"},{"ancestorTitles":["TrackingStatusService","softRemove"],"duration":4,"failureDetails":[],"failureMessages":[],"fullName":"TrackingStatusService softRemove should soft delete a tracking status (success, with userId)","invocations":1,"location":null,"numPassingAsserts":5,"retryReasons":[],"status":"passed","title":"should soft delete a tracking status (success, with userId)"},{"ancestorTitles":["TrackingStatusService","softRemove"],"duration":2,"failureDetails":[],"failureMessages":[],"fullName":"TrackingStatusService softRemove should soft delete a tracking status (success, without userId)","invocations":1,"location":null,"numPassingAsserts":3,"retryReasons":[],"status":"passed","title":"should soft delete a tracking status (success, without userId)"},{"ancestorTitles":["TrackingStatusService","softRemove"],"duration":0,"failureDetails":[],"failureMessages":[],"fullName":"TrackingStatusService softRemove should throw NotFoundException if tracking status not found","invocations":1,"location":null,"numPassingAsserts":1,"retryReasons":[],"status":"passed","title":"should throw NotFoundException if tracking status not found"},{"ancestorTitles":["TrackingStatusService","softRemove"],"duration":2,"failureDetails":[],"failureMessages":[],"fullName":"TrackingStatusService softRemove should throw InternalServerErrorException","invocations":1,"location":null,"numPassingAsserts":1,"retryReasons":[],"status":"passed","title":"should throw InternalServerErrorException"},{"ancestorTitles":["TrackingStatusService","softRemove"],"duration":0,"failureDetails":[],"failureMessages":[],"fullName":"TrackingStatusService softRemove should handle edge case: empty id","invocations":1,"location":null,"numPassingAsserts":1,"retryReasons":[],"status":"passed","title":"should handle edge case: empty id"},{"ancestorTitles":["TrackingStatusService","restore"],"duration":1,"failureDetails":[],"failureMessages":[],"fullName":"TrackingStatusService restore should restore a tracking status (success)","invocations":1,"location":null,"numPassingAsserts":3,"retryReasons":[],"status":"passed","title":"should restore a tracking status (success)"},{"ancestorTitles":["TrackingStatusService","restore"],"duration":1,"failureDetails":[],"failureMessages":[],"fullName":"TrackingStatusService restore should throw NotFoundException if tracking status not found after restore","invocations":1,"location":null,"numPassingAsserts":1,"retryReasons":[],"status":"passed","title":"should throw NotFoundException if tracking status not found after restore"},{"ancestorTitles":["TrackingStatusService","restore"],"duration":0,"failureDetails":[],"failureMessages":[],"fullName":"TrackingStatusService restore should throw InternalServerErrorException","invocations":1,"location":null,"numPassingAsserts":1,"retryReasons":[],"status":"passed","title":"should throw InternalServerErrorException"},{"ancestorTitles":["TrackingStatusService","restore"],"duration":1,"failureDetails":[],"failureMessages":[],"fullName":"TrackingStatusService restore should handle edge case: empty id","invocations":1,"location":null,"numPassingAsserts":1,"retryReasons":[],"status":"passed","title":"should handle edge case: empty id"}],"endTime":1753349182383,"message":"","name":"/Users/Chiraphat/project-bank/server_new/src/tracking-status/tracking-status.service.spec.ts","startTime":1753349180252,"status":"passed","summary":""},{"assertionResults":[{"ancestorTitles":["AuthController"],"duration":7,"failureDetails":[{"type":"AuthService","context":{"index":0,"dependencies":["UserRepository",null,null],"name":"UserRepository"},"metadata":{"id":"08cae5d0afb4ca6ff5995"},"moduleRef":{"id":"a0bd2b0d9708cae5d0afb"}}],"failureMessages":["Error: Nest can't resolve dependencies of the AuthService (?, UsersService, JwtService). Please make sure that the argument \"UserRepository\" at index [0] is available in the RootTestModule context.\n\nPotential solutions:\n- Is RootTestModule a valid NestJS module?\n- If \"UserRepository\" is a provider, is it part of the current RootTestModule?\n- If \"UserRepository\" is exported from a separate @Module, is that module imported within RootTestModule?\n  @Module({\n    imports: [ /* the Module containing \"UserRepository\" */ ]\n  })\n\n    at TestingInjector.lookupComponentInParentModules (/Users/Chiraphat/project-bank/server_new/node_modules/@nestjs/core/injector/injector.js:262:19)\n    at processTicksAndRejections (node:internal/process/task_queues:105:5)\n    at TestingInjector.resolveComponentInstance (/Users/Chiraphat/project-bank/server_new/node_modules/@nestjs/core/injector/injector.js:215:33)\n    at TestingInjector.resolveComponentInstance (/Users/Chiraphat/project-bank/server_new/node_modules/@nestjs/testing/testing-injector.js:19:45)\n    at resolveParam (/Users/Chiraphat/project-bank/server_new/node_modules/@nestjs/core/injector/injector.js:129:38)\n    at async Promise.all (index 0)\n    at TestingInjector.resolveConstructorParams (/Users/Chiraphat/project-bank/server_new/node_modules/@nestjs/core/injector/injector.js:144:27)\n    at TestingInjector.loadInstance (/Users/Chiraphat/project-bank/server_new/node_modules/@nestjs/core/injector/injector.js:70:13)\n    at TestingInjector.loadProvider (/Users/Chiraphat/project-bank/server_new/node_modules/@nestjs/core/injector/injector.js:98:9)\n    at /Users/Chiraphat/project-bank/server_new/node_modules/@nestjs/core/injector/instance-loader.js:56:13\n    at async Promise.all (index 3)\n    at TestingInstanceLoader.createInstancesOfProviders (/Users/Chiraphat/project-bank/server_new/node_modules/@nestjs/core/injector/instance-loader.js:55:9)\n    at /Users/Chiraphat/project-bank/server_new/node_modules/@nestjs/core/injector/instance-loader.js:40:13\n    at async Promise.all (index 1)\n    at TestingInstanceLoader.createInstances (/Users/Chiraphat/project-bank/server_new/node_modules/@nestjs/core/injector/instance-loader.js:39:9)\n    at TestingInstanceLoader.createInstancesOfDependencies (/Users/Chiraphat/project-bank/server_new/node_modules/@nestjs/core/injector/instance-loader.js:22:13)\n    at TestingInstanceLoader.createInstancesOfDependencies (/Users/Chiraphat/project-bank/server_new/node_modules/@nestjs/testing/testing-instance-loader.js:9:9)\n    at TestingModuleBuilder.createInstancesOfDependencies (/Users/Chiraphat/project-bank/server_new/node_modules/@nestjs/testing/testing-module.builder.js:118:9)\n    at TestingModuleBuilder.compile (/Users/Chiraphat/project-bank/server_new/node_modules/@nestjs/testing/testing-module.builder.js:74:9)\n    at Object.<anonymous> (/Users/Chiraphat/project-bank/server_new/src/auth/auth.controller.spec.ts:9:35)"],"fullName":"AuthController should be defined","invocations":1,"location":null,"numPassingAsserts":0,"retryReasons":[],"status":"failed","title":"should be defined"}],"endTime":1753349182406,"message":"\u001b[1m\u001b[31m  \u001b[1m● \u001b[22m\u001b[1mAuthController › should be defined\u001b[39m\u001b[22m\n\n    Nest can't resolve dependencies of the AuthService (?, UsersService, JwtService). Please make sure that the argument \"UserRepository\" at index [0] is available in the RootTestModule context.\n\n    Potential solutions:\n    - Is RootTestModule a valid NestJS module?\n    - If \"UserRepository\" is a provider, is it part of the current RootTestModule?\n    - If \"UserRepository\" is exported from a separate @Module, is that module imported within RootTestModule?\n      @Module({\n        imports: [ /* the Module containing \"UserRepository\" */ ]\n      })\n\u001b[2m\u001b[22m\n\u001b[2m    \u001b[0m \u001b[90m  7 |\u001b[39m\u001b[22m\n\u001b[2m     \u001b[90m  8 |\u001b[39m   beforeEach(\u001b[36masync\u001b[39m () \u001b[33m=>\u001b[39m {\u001b[22m\n\u001b[2m    \u001b[31m\u001b[1m>\u001b[22m\u001b[2m\u001b[39m\u001b[90m  9 |\u001b[39m     \u001b[36mconst\u001b[39m module\u001b[33m:\u001b[39m \u001b[33mTestingModule\u001b[39m \u001b[33m=\u001b[39m \u001b[36mawait\u001b[39m \u001b[33mTest\u001b[39m\u001b[33m.\u001b[39mcreateTestingModule({\u001b[22m\n\u001b[2m     \u001b[90m    |\u001b[39m                                   \u001b[31m\u001b[1m^\u001b[22m\u001b[2m\u001b[39m\u001b[22m\n\u001b[2m     \u001b[90m 10 |\u001b[39m       controllers\u001b[33m:\u001b[39m [\u001b[33mAuthController\u001b[39m]\u001b[33m,\u001b[39m\u001b[22m\n\u001b[2m     \u001b[90m 11 |\u001b[39m       providers\u001b[33m:\u001b[39m [\u001b[33mAuthService\u001b[39m]\u001b[33m,\u001b[39m\u001b[22m\n\u001b[2m     \u001b[90m 12 |\u001b[39m     })\u001b[33m.\u001b[39mcompile()\u001b[33m;\u001b[39m\u001b[0m\u001b[22m\n\u001b[2m\u001b[22m\n\u001b[2m      \u001b[2mat TestingInjector.lookupComponentInParentModules (\u001b[22m\u001b[2m../node_modules/@nestjs/core/injector/injector.js\u001b[2m:262:19)\u001b[22m\u001b[2m\u001b[22m\n\u001b[2m      \u001b[2mat TestingInjector.resolveComponentInstance (\u001b[22m\u001b[2m../node_modules/@nestjs/core/injector/injector.js\u001b[2m:215:33)\u001b[22m\u001b[2m\u001b[22m\n\u001b[2m      \u001b[2mat TestingInjector.resolveComponentInstance (\u001b[22m\u001b[2m../node_modules/@nestjs/testing/testing-injector.js\u001b[2m:19:45)\u001b[22m\u001b[2m\u001b[22m\n\u001b[2m      \u001b[2mat resolveParam (\u001b[22m\u001b[2m../node_modules/@nestjs/core/injector/injector.js\u001b[2m:129:38)\u001b[22m\u001b[2m\u001b[22m\n\u001b[2m          at async Promise.all (index 0)\u001b[22m\n\u001b[2m      \u001b[2mat TestingInjector.resolveConstructorParams (\u001b[22m\u001b[2m../node_modules/@nestjs/core/injector/injector.js\u001b[2m:144:27)\u001b[22m\u001b[2m\u001b[22m\n\u001b[2m      \u001b[2mat TestingInjector.loadInstance (\u001b[22m\u001b[2m../node_modules/@nestjs/core/injector/injector.js\u001b[2m:70:13)\u001b[22m\u001b[2m\u001b[22m\n\u001b[2m      \u001b[2mat TestingInjector.loadProvider (\u001b[22m\u001b[2m../node_modules/@nestjs/core/injector/injector.js\u001b[2m:98:9)\u001b[22m\u001b[2m\u001b[22m\n\u001b[2m      \u001b[2mat \u001b[22m\u001b[2m../node_modules/@nestjs/core/injector/instance-loader.js\u001b[2m:56:13\u001b[22m\u001b[2m\u001b[22m\n\u001b[2m          at async Promise.all (index 3)\u001b[22m\n\u001b[2m      \u001b[2mat TestingInstanceLoader.createInstancesOfProviders (\u001b[22m\u001b[2m../node_modules/@nestjs/core/injector/instance-loader.js\u001b[2m:55:9)\u001b[22m\u001b[2m\u001b[22m\n\u001b[2m      \u001b[2mat \u001b[22m\u001b[2m../node_modules/@nestjs/core/injector/instance-loader.js\u001b[2m:40:13\u001b[22m\u001b[2m\u001b[22m\n\u001b[2m          at async Promise.all (index 1)\u001b[22m\n\u001b[2m      \u001b[2mat TestingInstanceLoader.createInstances (\u001b[22m\u001b[2m../node_modules/@nestjs/core/injector/instance-loader.js\u001b[2m:39:9)\u001b[22m\u001b[2m\u001b[22m\n\u001b[2m      \u001b[2mat TestingInstanceLoader.createInstancesOfDependencies (\u001b[22m\u001b[2m../node_modules/@nestjs/core/injector/instance-loader.js\u001b[2m:22:13)\u001b[22m\u001b[2m\u001b[22m\n\u001b[2m      \u001b[2mat TestingInstanceLoader.createInstancesOfDependencies (\u001b[22m\u001b[2m../node_modules/@nestjs/testing/testing-instance-loader.js\u001b[2m:9:9)\u001b[22m\u001b[2m\u001b[22m\n\u001b[2m      \u001b[2mat TestingModuleBuilder.createInstancesOfDependencies (\u001b[22m\u001b[2m../node_modules/@nestjs/testing/testing-module.builder.js\u001b[2m:118:9)\u001b[22m\u001b[2m\u001b[22m\n\u001b[2m      \u001b[2mat TestingModuleBuilder.compile (\u001b[22m\u001b[2m../node_modules/@nestjs/testing/testing-module.builder.js\u001b[2m:74:9)\u001b[22m\u001b[2m\u001b[22m\n\u001b[2m      \u001b[2mat Object.<anonymous> (\u001b[22m\u001b[2m\u001b[0m\u001b[36mauth/auth.controller.spec.ts\u001b[39m\u001b[0m\u001b[2m:9:35)\u001b[22m\u001b[2m\u001b[22m\n","name":"/Users/Chiraphat/project-bank/server_new/src/auth/auth.controller.spec.ts","startTime":1753349180261,"status":"failed","summary":""},{"assertionResults":[{"ancestorTitles":["AmphoesController"],"duration":2,"failureDetails":[],"failureMessages":[],"fullName":"AmphoesController should be defined","invocations":1,"location":null,"numPassingAsserts":1,"retryReasons":[],"status":"passed","title":"should be defined"}],"endTime":1753349182509,"message":"","name":"/Users/Chiraphat/project-bank/server_new/src/amphoes/amphoes.controller.spec.ts","startTime":1753349182389,"status":"passed","summary":""},{"assertionResults":[{"ancestorTitles":["TrackingStatusController"],"duration":3,"failureDetails":[],"failureMessages":[],"fullName":"TrackingStatusController should be defined","invocations":1,"location":null,"numPassingAsserts":1,"retryReasons":[],"status":"passed","title":"should be defined"}],"endTime":1753349182542,"message":"","name":"/Users/Chiraphat/project-bank/server_new/src/tracking-status/tracking-status.controller.spec.ts","startTime":1753349182411,"status":"passed","summary":""},{"assertionResults":[{"ancestorTitles":["PdfService"],"duration":7,"failureDetails":[{"type":"PdfService","context":{"index":0,"dependencies":["BudgetPlanRepository"],"name":"BudgetPlanRepository"},"metadata":{"id":"3215a925afb1509ee09d4"},"moduleRef":{"id":"27d59c34213215a925afb"}}],"failureMessages":["Error: Nest can't resolve dependencies of the PdfService (?). Please make sure that the argument \"BudgetPlanRepository\" at index [0] is available in the RootTestModule context.\n\nPotential solutions:\n- Is RootTestModule a valid NestJS module?\n- If \"BudgetPlanRepository\" is a provider, is it part of the current RootTestModule?\n- If \"BudgetPlanRepository\" is exported from a separate @Module, is that module imported within RootTestModule?\n  @Module({\n    imports: [ /* the Module containing \"BudgetPlanRepository\" */ ]\n  })\n\n    at TestingInjector.lookupComponentInParentModules (/Users/Chiraphat/project-bank/server_new/node_modules/@nestjs/core/injector/injector.js:262:19)\n    at processTicksAndRejections (node:internal/process/task_queues:105:5)\n    at TestingInjector.resolveComponentInstance (/Users/Chiraphat/project-bank/server_new/node_modules/@nestjs/core/injector/injector.js:215:33)\n    at TestingInjector.resolveComponentInstance (/Users/Chiraphat/project-bank/server_new/node_modules/@nestjs/testing/testing-injector.js:19:45)\n    at resolveParam (/Users/Chiraphat/project-bank/server_new/node_modules/@nestjs/core/injector/injector.js:129:38)\n    at async Promise.all (index 0)\n    at TestingInjector.resolveConstructorParams (/Users/Chiraphat/project-bank/server_new/node_modules/@nestjs/core/injector/injector.js:144:27)\n    at TestingInjector.loadInstance (/Users/Chiraphat/project-bank/server_new/node_modules/@nestjs/core/injector/injector.js:70:13)\n    at TestingInjector.loadProvider (/Users/Chiraphat/project-bank/server_new/node_modules/@nestjs/core/injector/injector.js:98:9)\n    at /Users/Chiraphat/project-bank/server_new/node_modules/@nestjs/core/injector/instance-loader.js:56:13\n    at async Promise.all (index 3)\n    at TestingInstanceLoader.createInstancesOfProviders (/Users/Chiraphat/project-bank/server_new/node_modules/@nestjs/core/injector/instance-loader.js:55:9)\n    at /Users/Chiraphat/project-bank/server_new/node_modules/@nestjs/core/injector/instance-loader.js:40:13\n    at async Promise.all (index 1)\n    at TestingInstanceLoader.createInstances (/Users/Chiraphat/project-bank/server_new/node_modules/@nestjs/core/injector/instance-loader.js:39:9)\n    at TestingInstanceLoader.createInstancesOfDependencies (/Users/Chiraphat/project-bank/server_new/node_modules/@nestjs/core/injector/instance-loader.js:22:13)\n    at TestingInstanceLoader.createInstancesOfDependencies (/Users/Chiraphat/project-bank/server_new/node_modules/@nestjs/testing/testing-instance-loader.js:9:9)\n    at TestingModuleBuilder.createInstancesOfDependencies (/Users/Chiraphat/project-bank/server_new/node_modules/@nestjs/testing/testing-module.builder.js:118:9)\n    at TestingModuleBuilder.compile (/Users/Chiraphat/project-bank/server_new/node_modules/@nestjs/testing/testing-module.builder.js:74:9)\n    at Object.<anonymous> (/Users/Chiraphat/project-bank/server_new/src/pdf/pdf.service.spec.ts:8:35)"],"fullName":"PdfService should be defined","invocations":1,"location":null,"numPassingAsserts":0,"retryReasons":[],"status":"failed","title":"should be defined"}],"endTime":1753349182547,"message":"\u001b[1m\u001b[31m  \u001b[1m● \u001b[22m\u001b[1mPdfService › should be defined\u001b[39m\u001b[22m\n\n    Nest can't resolve dependencies of the PdfService (?). Please make sure that the argument \"BudgetPlanRepository\" at index [0] is available in the RootTestModule context.\n\n    Potential solutions:\n    - Is RootTestModule a valid NestJS module?\n    - If \"BudgetPlanRepository\" is a provider, is it part of the current RootTestModule?\n    - If \"BudgetPlanRepository\" is exported from a separate @Module, is that module imported within RootTestModule?\n      @Module({\n        imports: [ /* the Module containing \"BudgetPlanRepository\" */ ]\n      })\n\u001b[2m\u001b[22m\n\u001b[2m    \u001b[0m \u001b[90m  6 |\u001b[39m\u001b[22m\n\u001b[2m     \u001b[90m  7 |\u001b[39m   beforeEach(\u001b[36masync\u001b[39m () \u001b[33m=>\u001b[39m {\u001b[22m\n\u001b[2m    \u001b[31m\u001b[1m>\u001b[22m\u001b[2m\u001b[39m\u001b[90m  8 |\u001b[39m     \u001b[36mconst\u001b[39m module\u001b[33m:\u001b[39m \u001b[33mTestingModule\u001b[39m \u001b[33m=\u001b[39m \u001b[36mawait\u001b[39m \u001b[33mTest\u001b[39m\u001b[33m.\u001b[39mcreateTestingModule({\u001b[22m\n\u001b[2m     \u001b[90m    |\u001b[39m                                   \u001b[31m\u001b[1m^\u001b[22m\u001b[2m\u001b[39m\u001b[22m\n\u001b[2m     \u001b[90m  9 |\u001b[39m       providers\u001b[33m:\u001b[39m [\u001b[33mPdfService\u001b[39m]\u001b[33m,\u001b[39m\u001b[22m\n\u001b[2m     \u001b[90m 10 |\u001b[39m     })\u001b[33m.\u001b[39mcompile()\u001b[33m;\u001b[39m\u001b[22m\n\u001b[2m     \u001b[90m 11 |\u001b[39m\u001b[0m\u001b[22m\n\u001b[2m\u001b[22m\n\u001b[2m      \u001b[2mat TestingInjector.lookupComponentInParentModules (\u001b[22m\u001b[2m../node_modules/@nestjs/core/injector/injector.js\u001b[2m:262:19)\u001b[22m\u001b[2m\u001b[22m\n\u001b[2m      \u001b[2mat TestingInjector.resolveComponentInstance (\u001b[22m\u001b[2m../node_modules/@nestjs/core/injector/injector.js\u001b[2m:215:33)\u001b[22m\u001b[2m\u001b[22m\n\u001b[2m      \u001b[2mat TestingInjector.resolveComponentInstance (\u001b[22m\u001b[2m../node_modules/@nestjs/testing/testing-injector.js\u001b[2m:19:45)\u001b[22m\u001b[2m\u001b[22m\n\u001b[2m      \u001b[2mat resolveParam (\u001b[22m\u001b[2m../node_modules/@nestjs/core/injector/injector.js\u001b[2m:129:38)\u001b[22m\u001b[2m\u001b[22m\n\u001b[2m          at async Promise.all (index 0)\u001b[22m\n\u001b[2m      \u001b[2mat TestingInjector.resolveConstructorParams (\u001b[22m\u001b[2m../node_modules/@nestjs/core/injector/injector.js\u001b[2m:144:27)\u001b[22m\u001b[2m\u001b[22m\n\u001b[2m      \u001b[2mat TestingInjector.loadInstance (\u001b[22m\u001b[2m../node_modules/@nestjs/core/injector/injector.js\u001b[2m:70:13)\u001b[22m\u001b[2m\u001b[22m\n\u001b[2m      \u001b[2mat TestingInjector.loadProvider (\u001b[22m\u001b[2m../node_modules/@nestjs/core/injector/injector.js\u001b[2m:98:9)\u001b[22m\u001b[2m\u001b[22m\n\u001b[2m      \u001b[2mat \u001b[22m\u001b[2m../node_modules/@nestjs/core/injector/instance-loader.js\u001b[2m:56:13\u001b[22m\u001b[2m\u001b[22m\n\u001b[2m          at async Promise.all (index 3)\u001b[22m\n\u001b[2m      \u001b[2mat TestingInstanceLoader.createInstancesOfProviders (\u001b[22m\u001b[2m../node_modules/@nestjs/core/injector/instance-loader.js\u001b[2m:55:9)\u001b[22m\u001b[2m\u001b[22m\n\u001b[2m      \u001b[2mat \u001b[22m\u001b[2m../node_modules/@nestjs/core/injector/instance-loader.js\u001b[2m:40:13\u001b[22m\u001b[2m\u001b[22m\n\u001b[2m          at async Promise.all (index 1)\u001b[22m\n\u001b[2m      \u001b[2mat TestingInstanceLoader.createInstances (\u001b[22m\u001b[2m../node_modules/@nestjs/core/injector/instance-loader.js\u001b[2m:39:9)\u001b[22m\u001b[2m\u001b[22m\n\u001b[2m      \u001b[2mat TestingInstanceLoader.createInstancesOfDependencies (\u001b[22m\u001b[2m../node_modules/@nestjs/core/injector/instance-loader.js\u001b[2m:22:13)\u001b[22m\u001b[2m\u001b[22m\n\u001b[2m      \u001b[2mat TestingInstanceLoader.createInstancesOfDependencies (\u001b[22m\u001b[2m../node_modules/@nestjs/testing/testing-instance-loader.js\u001b[2m:9:9)\u001b[22m\u001b[2m\u001b[22m\n\u001b[2m      \u001b[2mat TestingModuleBuilder.createInstancesOfDependencies (\u001b[22m\u001b[2m../node_modules/@nestjs/testing/testing-module.builder.js\u001b[2m:118:9)\u001b[22m\u001b[2m\u001b[22m\n\u001b[2m      \u001b[2mat TestingModuleBuilder.compile (\u001b[22m\u001b[2m../node_modules/@nestjs/testing/testing-module.builder.js\u001b[2m:74:9)\u001b[22m\u001b[2m\u001b[22m\n\u001b[2m      \u001b[2mat Object.<anonymous> (\u001b[22m\u001b[2m\u001b[0m\u001b[36mpdf/pdf.service.spec.ts\u001b[39m\u001b[0m\u001b[2m:8:35)\u001b[22m\u001b[2m\u001b[22m\n","name":"/Users/Chiraphat/project-bank/server_new/src/pdf/pdf.service.spec.ts","startTime":1753349180257,"status":"failed","summary":""},{"assertionResults":[{"ancestorTitles":["AiService","generateProjectDetail"],"duration":2,"failureDetails":[],"failureMessages":[],"fullName":"AiService generateProjectDetail should return content on success","invocations":1,"location":null,"numPassingAsserts":2,"retryReasons":[],"status":"passed","title":"should return content on success"},{"ancestorTitles":["AiService","generateProjectDetail"],"duration":9,"failureDetails":[],"failureMessages":[],"fullName":"AiService generateProjectDetail should throw InternalServerErrorException on OpenAI error","invocations":1,"location":null,"numPassingAsserts":1,"retryReasons":[],"status":"passed","title":"should throw InternalServerErrorException on OpenAI error"},{"ancestorTitles":["AiService","generateProjectDetail"],"duration":2,"failureDetails":[],"failureMessages":[],"fullName":"AiService generateProjectDetail should handle edge case: empty userPrompt","invocations":1,"location":null,"numPassingAsserts":1,"retryReasons":[],"status":"passed","title":"should handle edge case: empty userPrompt"},{"ancestorTitles":["AiService","generateProjectDetail"],"duration":1,"failureDetails":[],"failureMessages":[],"fullName":"AiService generateProjectDetail should handle edge case: missing userPrompt","invocations":1,"location":null,"numPassingAsserts":1,"retryReasons":[],"status":"passed","title":"should handle edge case: missing userPrompt"},{"ancestorTitles":["AiService","generateProjectDetail"],"duration":1,"failureDetails":[],"failureMessages":[],"fullName":"AiService generateProjectDetail should handle edge case: empty strings for required fields","invocations":1,"location":null,"numPassingAsserts":1,"retryReasons":[],"status":"passed","title":"should handle edge case: empty strings for required fields"},{"ancestorTitles":["AiService","regenerateField"],"duration":1,"failureDetails":[],"failureMessages":[],"fullName":"AiService regenerateField should return regenerated content on success","invocations":1,"location":null,"numPassingAsserts":2,"retryReasons":[],"status":"passed","title":"should return regenerated content on success"},{"ancestorTitles":["AiService","regenerateField"],"duration":6,"failureDetails":[],"failureMessages":[],"fullName":"AiService regenerateField should throw InternalServerErrorException on OpenAI error","invocations":1,"location":null,"numPassingAsserts":1,"retryReasons":[],"status":"passed","title":"should throw InternalServerErrorException on OpenAI error"},{"ancestorTitles":["AiService","regenerateField"],"duration":1,"failureDetails":[],"failureMessages":[],"fullName":"AiService regenerateField should throw InternalServerErrorException if AI response is invalid","invocations":1,"location":null,"numPassingAsserts":1,"retryReasons":[],"status":"passed","title":"should throw InternalServerErrorException if AI response is invalid"},{"ancestorTitles":["AiService","regenerateField"],"duration":1,"failureDetails":[],"failureMessages":[],"fullName":"AiService regenerateField should handle edge case: empty fieldToRegenerate","invocations":1,"location":null,"numPassingAsserts":1,"retryReasons":[],"status":"passed","title":"should handle edge case: empty fieldToRegenerate"},{"ancestorTitles":["AiService","regenerateField"],"duration":1,"failureDetails":[],"failureMessages":[],"fullName":"AiService regenerateField should handle edge case: missing currentProjectData fields","invocations":1,"location":null,"numPassingAsserts":1,"retryReasons":[],"status":"passed","title":"should handle edge case: missing currentProjectData fields"},{"ancestorTitles":["AiService","regenerateField"],"duration":0,"failureDetails":[],"failureMessages":[],"fullName":"AiService regenerateField should handle edge case: empty modificationPrompt","invocations":1,"location":null,"numPassingAsserts":1,"retryReasons":[],"status":"passed","title":"should handle edge case: empty modificationPrompt"}],"endTime":1753349182623,"message":"","name":"/Users/Chiraphat/project-bank/server_new/src/ai/ai.service.spec.ts","startTime":1753349182544,"status":"passed","summary":""},{"assertionResults":[{"ancestorTitles":["AiController"],"duration":6,"failureDetails":[],"failureMessages":[],"fullName":"AiController should be defined","invocations":1,"location":null,"numPassingAsserts":1,"retryReasons":[],"status":"passed","title":"should be defined"}],"endTime":1753349182623,"message":"","name":"/Users/Chiraphat/project-bank/server_new/src/ai/ai.controller.spec.ts","startTime":1753349182513,"status":"passed","summary":""},{"assertionResults":[{"ancestorTitles":["TacticService","create"],"duration":5,"failureDetails":[],"failureMessages":[],"fullName":"TacticService create should create and return a tactic (success)","invocations":1,"location":null,"numPassingAsserts":4,"retryReasons":[],"status":"passed","title":"should create and return a tactic (success)"},{"ancestorTitles":["TacticService","create"],"duration":3,"failureDetails":[],"failureMessages":[],"fullName":"TacticService create should throw NotFoundException if work history not found","invocations":1,"location":null,"numPassingAsserts":1,"retryReasons":[],"status":"passed","title":"should throw NotFoundException if work history not found"},{"ancestorTitles":["TacticService","create"],"duration":7,"failureDetails":[],"failureMessages":[],"fullName":"TacticService create should throw BadRequestException (invalid input)","invocations":1,"location":null,"numPassingAsserts":1,"retryReasons":[],"status":"passed","title":"should throw BadRequestException (invalid input)"},{"ancestorTitles":["TacticService","create"],"duration":3,"failureDetails":[],"failureMessages":[],"fullName":"TacticService create should throw InternalServerErrorException (other DB error)","invocations":1,"location":null,"numPassingAsserts":1,"retryReasons":[],"status":"passed","title":"should throw InternalServerErrorException (other DB error)"},{"ancestorTitles":["TacticService","create"],"duration":6,"failureDetails":[],"failureMessages":[],"fullName":"TacticService create should handle edge case: empty id","invocations":1,"location":null,"numPassingAsserts":1,"retryReasons":[],"status":"passed","title":"should handle edge case: empty id"},{"ancestorTitles":["TacticService","findAll"],"duration":1,"failureDetails":[],"failureMessages":[],"fullName":"TacticService findAll should return all tactics (success)","invocations":1,"location":null,"numPassingAsserts":2,"retryReasons":[],"status":"passed","title":"should return all tactics (success)"},{"ancestorTitles":["TacticService","findAll"],"duration":0,"failureDetails":[],"failureMessages":[],"fullName":"TacticService findAll should throw InternalServerErrorException","invocations":1,"location":null,"numPassingAsserts":1,"retryReasons":[],"status":"passed","title":"should throw InternalServerErrorException"},{"ancestorTitles":["TacticService","findOne"],"duration":1,"failureDetails":[],"failureMessages":[],"fullName":"TacticService findOne should return a tactic by id (success)","invocations":1,"location":null,"numPassingAsserts":2,"retryReasons":[],"status":"passed","title":"should return a tactic by id (success)"},{"ancestorTitles":["TacticService","findOne"],"duration":3,"failureDetails":[],"failureMessages":[],"fullName":"TacticService findOne should throw NotFoundException if tactic not found","invocations":1,"location":null,"numPassingAsserts":1,"retryReasons":[],"status":"passed","title":"should throw NotFoundException if tactic not found"},{"ancestorTitles":["TacticService","findOne"],"duration":2,"failureDetails":[],"failureMessages":[],"fullName":"TacticService findOne should throw InternalServerErrorException","invocations":1,"location":null,"numPassingAsserts":1,"retryReasons":[],"status":"passed","title":"should throw InternalServerErrorException"},{"ancestorTitles":["TacticService","findOne"],"duration":0,"failureDetails":[],"failureMessages":[],"fullName":"TacticService findOne should handle edge case: empty id","invocations":1,"location":null,"numPassingAsserts":1,"retryReasons":[],"status":"passed","title":"should handle edge case: empty id"},{"ancestorTitles":["TacticService","update"],"duration":1,"failureDetails":[],"failureMessages":[],"fullName":"TacticService update should update and return the tactic (success)","invocations":1,"location":null,"numPassingAsserts":3,"retryReasons":[],"status":"passed","title":"should update and return the tactic (success)"},{"ancestorTitles":["TacticService","update"],"duration":1,"failureDetails":[],"failureMessages":[],"fullName":"TacticService update should throw NotFoundException if tactic not found","invocations":1,"location":null,"numPassingAsserts":1,"retryReasons":[],"status":"passed","title":"should throw NotFoundException if tactic not found"},{"ancestorTitles":["TacticService","update"],"duration":2,"failureDetails":[],"failureMessages":[],"fullName":"TacticService update should throw InternalServerErrorException","invocations":1,"location":null,"numPassingAsserts":1,"retryReasons":[],"status":"passed","title":"should throw InternalServerErrorException"},{"ancestorTitles":["TacticService","update"],"duration":0,"failureDetails":[],"failureMessages":[],"fullName":"TacticService update should handle edge case: empty id","invocations":1,"location":null,"numPassingAsserts":1,"retryReasons":[],"status":"passed","title":"should handle edge case: empty id"},{"ancestorTitles":["TacticService","remove"],"duration":2,"failureDetails":[],"failureMessages":[],"fullName":"TacticService remove should permanently delete a tactic (success)","invocations":1,"location":null,"numPassingAsserts":2,"retryReasons":[],"status":"passed","title":"should permanently delete a tactic (success)"},{"ancestorTitles":["TacticService","remove"],"duration":1,"failureDetails":[],"failureMessages":[],"fullName":"TacticService remove should throw NotFoundException if tactic not found","invocations":1,"location":null,"numPassingAsserts":1,"retryReasons":[],"status":"passed","title":"should throw NotFoundException if tactic not found"},{"ancestorTitles":["TacticService","remove"],"duration":0,"failureDetails":[],"failureMessages":[],"fullName":"TacticService remove should throw InternalServerErrorException","invocations":1,"location":null,"numPassingAsserts":1,"retryReasons":[],"status":"passed","title":"should throw InternalServerErrorException"},{"ancestorTitles":["TacticService","remove"],"duration":1,"failureDetails":[],"failureMessages":[],"fullName":"TacticService remove should handle edge case: empty id","invocations":1,"location":null,"numPassingAsserts":1,"retryReasons":[],"status":"passed","title":"should handle edge case: empty id"},{"ancestorTitles":["TacticService","softRemove"],"duration":1,"failureDetails":[],"failureMessages":[],"fullName":"TacticService softRemove should soft delete a tactic (success)","invocations":1,"location":null,"numPassingAsserts":5,"retryReasons":[],"status":"passed","title":"should soft delete a tactic (success)"},{"ancestorTitles":["TacticService","softRemove"],"duration":0,"failureDetails":[],"failureMessages":[],"fullName":"TacticService softRemove should throw NotFoundException if work history not found","invocations":1,"location":null,"numPassingAsserts":1,"retryReasons":[],"status":"passed","title":"should throw NotFoundException if work history not found"},{"ancestorTitles":["TacticService","softRemove"],"duration":1,"failureDetails":[],"failureMessages":[],"fullName":"TacticService softRemove should throw NotFoundException if tactic not found","invocations":1,"location":null,"numPassingAsserts":1,"retryReasons":[],"status":"passed","title":"should throw NotFoundException if tactic not found"},{"ancestorTitles":["TacticService","softRemove"],"duration":0,"failureDetails":[],"failureMessages":[],"fullName":"TacticService softRemove should throw InternalServerErrorException","invocations":1,"location":null,"numPassingAsserts":1,"retryReasons":[],"status":"passed","title":"should throw InternalServerErrorException"},{"ancestorTitles":["TacticService","softRemove"],"duration":1,"failureDetails":[],"failureMessages":[],"fullName":"TacticService softRemove should handle edge case: empty id","invocations":1,"location":null,"numPassingAsserts":1,"retryReasons":[],"status":"passed","title":"should handle edge case: empty id"},{"ancestorTitles":["TacticService","restore"],"duration":1,"failureDetails":[],"failureMessages":[],"fullName":"TacticService restore should restore a soft-deleted tactic (success)","invocations":1,"location":null,"numPassingAsserts":2,"retryReasons":[],"status":"passed","title":"should restore a soft-deleted tactic (success)"},{"ancestorTitles":["TacticService","restore"],"duration":1,"failureDetails":[],"failureMessages":[],"fullName":"TacticService restore should throw NotFoundException if tactic not found","invocations":1,"location":null,"numPassingAsserts":1,"retryReasons":[],"status":"passed","title":"should throw NotFoundException if tactic not found"},{"ancestorTitles":["TacticService","restore"],"duration":0,"failureDetails":[],"failureMessages":[],"fullName":"TacticService restore should throw InternalServerErrorException","invocations":1,"location":null,"numPassingAsserts":1,"retryReasons":[],"status":"passed","title":"should throw InternalServerErrorException"},{"ancestorTitles":["TacticService","restore"],"duration":1,"failureDetails":[],"failureMessages":[],"fullName":"TacticService restore should handle edge case: empty id","invocations":1,"location":null,"numPassingAsserts":1,"retryReasons":[],"status":"passed","title":"should handle edge case: empty id"}],"endTime":1753349182701,"message":"","name":"/Users/Chiraphat/project-bank/server_new/src/tactic/tactic.service.spec.ts","startTime":1753349182551,"status":"passed","summary":""},{"assertionResults":[{"ancestorTitles":["LocalAdministrativeOrganizationsController"],"duration":5,"failureDetails":[],"failureMessages":[],"fullName":"LocalAdministrativeOrganizationsController should be defined","invocations":1,"location":null,"numPassingAsserts":1,"retryReasons":[],"status":"passed","title":"should be defined"}],"endTime":1753349182756,"message":"","name":"/Users/Chiraphat/project-bank/server_new/src/local-administrative-organizations/local-administrative-organizations.controller.spec.ts","startTime":1753349182641,"status":"passed","summary":""},{"assertionResults":[{"ancestorTitles":["StatusController"],"duration":2,"failureDetails":[],"failureMessages":[],"fullName":"StatusController should be defined","invocations":1,"location":null,"numPassingAsserts":1,"retryReasons":[],"status":"passed","title":"should be defined"},{"ancestorTitles":["StatusController","create"],"duration":1,"failureDetails":[],"failureMessages":[],"fullName":"StatusController create should call service.create with dto and userId","invocations":1,"location":null,"numPassingAsserts":1,"retryReasons":[],"status":"passed","title":"should call service.create with dto and userId"}],"endTime":1753349182756,"message":"","name":"/Users/Chiraphat/project-bank/server_new/src/status/status.controller.spec.ts","startTime":1753349182640,"status":"passed","summary":""},{"assertionResults":[{"ancestorTitles":["StatusService","create"],"duration":2,"failureDetails":[],"failureMessages":[],"fullName":"StatusService create should create and return a status (success)","invocations":1,"location":null,"numPassingAsserts":3,"retryReasons":[],"status":"passed","title":"should create and return a status (success)"},{"ancestorTitles":["StatusService","create"],"duration":6,"failureDetails":[],"failureMessages":[],"fullName":"StatusService create should throw BadRequestException if status name exists","invocations":1,"location":null,"numPassingAsserts":1,"retryReasons":[],"status":"passed","title":"should throw BadRequestException if status name exists"},{"ancestorTitles":["StatusService","create"],"duration":0,"failureDetails":[],"failureMessages":[],"fullName":"StatusService create should throw UnauthorizedException if work history not found","invocations":1,"location":null,"numPassingAsserts":1,"retryReasons":[],"status":"passed","title":"should throw UnauthorizedException if work history not found"},{"ancestorTitles":["StatusService","create"],"duration":2,"failureDetails":[],"failureMessages":[],"fullName":"StatusService create should throw InternalServerErrorException on DB error","invocations":1,"location":null,"numPassingAsserts":1,"retryReasons":[],"status":"passed","title":"should throw InternalServerErrorException on DB error"},{"ancestorTitles":["StatusService","create"],"duration":1,"failureDetails":[],"failureMessages":[],"fullName":"StatusService create should handle edge case: empty name","invocations":1,"location":null,"numPassingAsserts":1,"retryReasons":[],"status":"passed","title":"should handle edge case: empty name"},{"ancestorTitles":["StatusService","findAll"],"duration":0,"failureDetails":[],"failureMessages":[],"fullName":"StatusService findAll should return all statuses","invocations":1,"location":null,"numPassingAsserts":2,"retryReasons":[],"status":"passed","title":"should return all statuses"},{"ancestorTitles":["StatusService","findAll"],"duration":1,"failureDetails":[],"failureMessages":[],"fullName":"StatusService findAll should throw InternalServerErrorException on DB error","invocations":1,"location":null,"numPassingAsserts":1,"retryReasons":[],"status":"passed","title":"should throw InternalServerErrorException on DB error"},{"ancestorTitles":["StatusService","findOne"],"duration":0,"failureDetails":[],"failureMessages":[],"fullName":"StatusService findOne should return a status by id","invocations":1,"location":null,"numPassingAsserts":1,"retryReasons":[],"status":"passed","title":"should return a status by id"},{"ancestorTitles":["StatusService","findOne"],"duration":1,"failureDetails":[],"failureMessages":[],"fullName":"StatusService findOne should throw BadRequestException if not found","invocations":1,"location":null,"numPassingAsserts":1,"retryReasons":[],"status":"passed","title":"should throw BadRequestException if not found"},{"ancestorTitles":["StatusService","findOne"],"duration":3,"failureDetails":[],"failureMessages":[],"fullName":"StatusService findOne should throw InternalServerErrorException on DB error","invocations":1,"location":null,"numPassingAsserts":1,"retryReasons":[],"status":"passed","title":"should throw InternalServerErrorException on DB error"},{"ancestorTitles":["StatusService","findOne"],"duration":1,"failureDetails":[],"failureMessages":[],"fullName":"StatusService findOne should handle edge case: empty id","invocations":1,"location":null,"numPassingAsserts":1,"retryReasons":[],"status":"passed","title":"should handle edge case: empty id"},{"ancestorTitles":["StatusService","update"],"duration":1,"failureDetails":[],"failureMessages":[],"fullName":"StatusService update should update and return the status","invocations":1,"location":null,"numPassingAsserts":1,"retryReasons":[],"status":"passed","title":"should update and return the status"},{"ancestorTitles":["StatusService","update"],"duration":1,"failureDetails":[],"failureMessages":[],"fullName":"StatusService update should throw BadRequestException if name exists","invocations":1,"location":null,"numPassingAsserts":1,"retryReasons":[],"status":"passed","title":"should throw BadRequestException if name exists"},{"ancestorTitles":["StatusService","update"],"duration":1,"failureDetails":[],"failureMessages":[],"fullName":"StatusService update should throw BadRequestException if status not found","invocations":1,"location":null,"numPassingAsserts":1,"retryReasons":[],"status":"passed","title":"should throw BadRequestException if status not found"},{"ancestorTitles":["StatusService","update"],"duration":1,"failureDetails":[],"failureMessages":[],"fullName":"StatusService update should throw InternalServerErrorException on DB error","invocations":1,"location":null,"numPassingAsserts":1,"retryReasons":[],"status":"passed","title":"should throw InternalServerErrorException on DB error"},{"ancestorTitles":["StatusService","update"],"duration":1,"failureDetails":[],"failureMessages":[],"fullName":"StatusService update should handle edge case: empty name","invocations":1,"location":null,"numPassingAsserts":1,"retryReasons":[],"status":"passed","title":"should handle edge case: empty name"},{"ancestorTitles":["StatusService","softRemove"],"duration":0,"failureDetails":[],"failureMessages":[],"fullName":"StatusService softRemove should soft remove a status","invocations":1,"location":null,"numPassingAsserts":1,"retryReasons":[],"status":"passed","title":"should soft remove a status"},{"ancestorTitles":["StatusService","softRemove"],"duration":0,"failureDetails":[],"failureMessages":[],"fullName":"StatusService softRemove should throw BadRequestException if status not found","invocations":1,"location":null,"numPassingAsserts":1,"retryReasons":[],"status":"passed","title":"should throw BadRequestException if status not found"},{"ancestorTitles":["StatusService","softRemove"],"duration":1,"failureDetails":[],"failureMessages":[],"fullName":"StatusService softRemove should throw UnauthorizedException if work history not found","invocations":1,"location":null,"numPassingAsserts":1,"retryReasons":[],"status":"passed","title":"should throw UnauthorizedException if work history not found"},{"ancestorTitles":["StatusService","softRemove"],"duration":0,"failureDetails":[],"failureMessages":[],"fullName":"StatusService softRemove should throw InternalServerErrorException on DB error","invocations":1,"location":null,"numPassingAsserts":1,"retryReasons":[],"status":"passed","title":"should throw InternalServerErrorException on DB error"},{"ancestorTitles":["StatusService","softRemove"],"duration":1,"failureDetails":[],"failureMessages":[],"fullName":"StatusService softRemove should handle edge case: empty id","invocations":1,"location":null,"numPassingAsserts":1,"retryReasons":[],"status":"passed","title":"should handle edge case: empty id"},{"ancestorTitles":["StatusService","remove"],"duration":0,"failureDetails":[],"failureMessages":[],"fullName":"StatusService remove should hard delete a status","invocations":1,"location":null,"numPassingAsserts":1,"retryReasons":[],"status":"passed","title":"should hard delete a status"},{"ancestorTitles":["StatusService","remove"],"duration":1,"failureDetails":[],"failureMessages":[],"fullName":"StatusService remove should throw NotFoundException if status not found","invocations":1,"location":null,"numPassingAsserts":1,"retryReasons":[],"status":"passed","title":"should throw NotFoundException if status not found"},{"ancestorTitles":["StatusService","remove"],"duration":0,"failureDetails":[],"failureMessages":[],"fullName":"StatusService remove should throw error on DB error","invocations":1,"location":null,"numPassingAsserts":1,"retryReasons":[],"status":"passed","title":"should throw error on DB error"},{"ancestorTitles":["StatusService","remove"],"duration":1,"failureDetails":[],"failureMessages":[],"fullName":"StatusService remove should handle edge case: empty id","invocations":1,"location":null,"numPassingAsserts":1,"retryReasons":[],"status":"passed","title":"should handle edge case: empty id"},{"ancestorTitles":["StatusService","restore"],"duration":1,"failureDetails":[],"failureMessages":[],"fullName":"StatusService restore should restore a status","invocations":1,"location":null,"numPassingAsserts":1,"retryReasons":[],"status":"passed","title":"should restore a status"},{"ancestorTitles":["StatusService","restore"],"duration":1,"failureDetails":[],"failureMessages":[],"fullName":"StatusService restore should throw BadRequestException if status not found (findOne)","invocations":1,"location":null,"numPassingAsserts":1,"retryReasons":[],"status":"passed","title":"should throw BadRequestException if status not found (findOne)"},{"ancestorTitles":["StatusService","restore"],"duration":6,"failureDetails":[],"failureMessages":[],"fullName":"StatusService restore should throw BadRequestException if restore.affected === 0","invocations":1,"location":null,"numPassingAsserts":1,"retryReasons":[],"status":"passed","title":"should throw BadRequestException if restore.affected === 0"},{"ancestorTitles":["StatusService","restore"],"duration":1,"failureDetails":[],"failureMessages":[],"fullName":"StatusService restore should throw InternalServerErrorException on DB error","invocations":1,"location":null,"numPassingAsserts":1,"retryReasons":[],"status":"passed","title":"should throw InternalServerErrorException on DB error"},{"ancestorTitles":["StatusService","restore"],"duration":1,"failureDetails":[],"failureMessages":[],"fullName":"StatusService restore should handle edge case: empty id","invocations":1,"location":null,"numPassingAsserts":1,"retryReasons":[],"status":"passed","title":"should handle edge case: empty id"}],"endTime":1753349182852,"message":"","name":"/Users/Chiraphat/project-bank/server_new/src/status/status.service.spec.ts","startTime":1753349182706,"status":"passed","summary":""},{"assertionResults":[{"ancestorTitles":["WorkHistoryAmphoeResponsibilityService","create","✅ Success Case"],"duration":9,"failureDetails":[],"failureMessages":[],"fullName":"WorkHistoryAmphoeResponsibilityService create ✅ Success Case should create a new responsibility successfully","invocations":1,"location":null,"numPassingAsserts":5,"retryReasons":[],"status":"passed","title":"should create a new responsibility successfully"},{"ancestorTitles":["WorkHistoryAmphoeResponsibilityService","create","❌ NotFoundException"],"duration":14,"failureDetails":[],"failureMessages":[],"fullName":"WorkHistoryAmphoeResponsibilityService create ❌ NotFoundException should throw NotFoundException when work history not found","invocations":1,"location":null,"numPassingAsserts":1,"retryReasons":[],"status":"passed","title":"should throw NotFoundException when work history not found"},{"ancestorTitles":["WorkHistoryAmphoeResponsibilityService","create","❌ NotFoundException"],"duration":1,"failureDetails":[],"failureMessages":[],"fullName":"WorkHistoryAmphoeResponsibilityService create ❌ NotFoundException should throw NotFoundException when amphoe not found","invocations":1,"location":null,"numPassingAsserts":1,"retryReasons":[],"status":"passed","title":"should throw NotFoundException when amphoe not found"},{"ancestorTitles":["WorkHistoryAmphoeResponsibilityService","create","❌ NotFoundException"],"duration":0,"failureDetails":[],"failureMessages":[],"fullName":"WorkHistoryAmphoeResponsibilityService create ❌ NotFoundException should throw NotFoundException when assigned by user has no approved work history","invocations":1,"location":null,"numPassingAsserts":1,"retryReasons":[],"status":"passed","title":"should throw NotFoundException when assigned by user has no approved work history"},{"ancestorTitles":["WorkHistoryAmphoeResponsibilityService","create","❌ BadRequestException"],"duration":0,"failureDetails":[],"failureMessages":[],"fullName":"WorkHistoryAmphoeResponsibilityService create ❌ BadRequestException should throw BadRequestException when work history is not approved admin","invocations":1,"location":null,"numPassingAsserts":1,"retryReasons":[],"status":"passed","title":"should throw BadRequestException when work history is not approved admin"},{"ancestorTitles":["WorkHistoryAmphoeResponsibilityService","create","❌ BadRequestException"],"duration":1,"failureDetails":[],"failureMessages":[],"fullName":"WorkHistoryAmphoeResponsibilityService create ❌ BadRequestException should throw BadRequestException when responsibility already exists","invocations":1,"location":null,"numPassingAsserts":1,"retryReasons":[],"status":"passed","title":"should throw BadRequestException when responsibility already exists"},{"ancestorTitles":["WorkHistoryAmphoeResponsibilityService","create","❌ Error Cases"],"duration":1,"failureDetails":[],"failureMessages":[],"fullName":"WorkHistoryAmphoeResponsibilityService create ❌ Error Cases should handle database errors during creation","invocations":1,"location":null,"numPassingAsserts":2,"retryReasons":[],"status":"passed","title":"should handle database errors during creation"},{"ancestorTitles":["WorkHistoryAmphoeResponsibilityService","create","⚠️ Edge Cases"],"duration":0,"failureDetails":[],"failureMessages":[],"fullName":"WorkHistoryAmphoeResponsibilityService create ⚠️ Edge Cases should handle empty workHistoryId","invocations":1,"location":null,"numPassingAsserts":1,"retryReasons":[],"status":"passed","title":"should handle empty workHistoryId"},{"ancestorTitles":["WorkHistoryAmphoeResponsibilityService","create","⚠️ Edge Cases"],"duration":0,"failureDetails":[],"failureMessages":[],"fullName":"WorkHistoryAmphoeResponsibilityService create ⚠️ Edge Cases should handle empty amphoeId","invocations":1,"location":null,"numPassingAsserts":1,"retryReasons":[],"status":"passed","title":"should handle empty amphoeId"},{"ancestorTitles":["WorkHistoryAmphoeResponsibilityService","create","⚠️ Edge Cases"],"duration":1,"failureDetails":[],"failureMessages":[],"fullName":"WorkHistoryAmphoeResponsibilityService create ⚠️ Edge Cases should handle null assignedByUserId","invocations":1,"location":null,"numPassingAsserts":1,"retryReasons":[],"status":"passed","title":"should handle null assignedByUserId"},{"ancestorTitles":["WorkHistoryAmphoeResponsibilityService","findAll","✅ Success Case"],"duration":0,"failureDetails":[],"failureMessages":[],"fullName":"WorkHistoryAmphoeResponsibilityService findAll ✅ Success Case should return all responsibilities when no filters provided","invocations":1,"location":null,"numPassingAsserts":2,"retryReasons":[],"status":"passed","title":"should return all responsibilities when no filters provided"},{"ancestorTitles":["WorkHistoryAmphoeResponsibilityService","findAll","✅ Success Case"],"duration":1,"failureDetails":[],"failureMessages":[],"fullName":"WorkHistoryAmphoeResponsibilityService findAll ✅ Success Case should return filtered responsibilities by amphoeId","invocations":1,"location":null,"numPassingAsserts":2,"retryReasons":[],"status":"passed","title":"should return filtered responsibilities by amphoeId"},{"ancestorTitles":["WorkHistoryAmphoeResponsibilityService","findAll","✅ Success Case"],"duration":0,"failureDetails":[],"failureMessages":[],"fullName":"WorkHistoryAmphoeResponsibilityService findAll ✅ Success Case should return filtered responsibilities by workHistoryId","invocations":1,"location":null,"numPassingAsserts":2,"retryReasons":[],"status":"passed","title":"should return filtered responsibilities by workHistoryId"},{"ancestorTitles":["WorkHistoryAmphoeResponsibilityService","findAll","✅ Success Case"],"duration":1,"failureDetails":[],"failureMessages":[],"fullName":"WorkHistoryAmphoeResponsibilityService findAll ✅ Success Case should return filtered responsibilities by both amphoeId and workHistoryId","invocations":1,"location":null,"numPassingAsserts":2,"retryReasons":[],"status":"passed","title":"should return filtered responsibilities by both amphoeId and workHistoryId"},{"ancestorTitles":["WorkHistoryAmphoeResponsibilityService","findAll","✅ Success Case"],"duration":1,"failureDetails":[],"failureMessages":[],"fullName":"WorkHistoryAmphoeResponsibilityService findAll ✅ Success Case should return empty array when no responsibilities exist","invocations":1,"location":null,"numPassingAsserts":2,"retryReasons":[],"status":"passed","title":"should return empty array when no responsibilities exist"},{"ancestorTitles":["WorkHistoryAmphoeResponsibilityService","findAll","❌ Error Cases"],"duration":1,"failureDetails":[],"failureMessages":[],"fullName":"WorkHistoryAmphoeResponsibilityService findAll ❌ Error Cases should handle database connection errors","invocations":1,"location":null,"numPassingAsserts":1,"retryReasons":[],"status":"passed","title":"should handle database connection errors"},{"ancestorTitles":["WorkHistoryAmphoeResponsibilityService","findAll","❌ Error Cases"],"duration":0,"failureDetails":[],"failureMessages":[],"fullName":"WorkHistoryAmphoeResponsibilityService findAll ❌ Error Cases should handle query execution errors","invocations":1,"location":null,"numPassingAsserts":1,"retryReasons":[],"status":"passed","title":"should handle query execution errors"},{"ancestorTitles":["WorkHistoryAmphoeResponsibilityService","findOne","✅ Success Case"],"duration":1,"failureDetails":[],"failureMessages":[],"fullName":"WorkHistoryAmphoeResponsibilityService findOne ✅ Success Case should return a responsibility by id","invocations":1,"location":null,"numPassingAsserts":2,"retryReasons":[],"status":"passed","title":"should return a responsibility by id"},{"ancestorTitles":["WorkHistoryAmphoeResponsibilityService","findOne","❌ NotFoundException"],"duration":1,"failureDetails":[],"failureMessages":[],"fullName":"WorkHistoryAmphoeResponsibilityService findOne ❌ NotFoundException should throw NotFoundException when responsibility not found","invocations":1,"location":null,"numPassingAsserts":2,"retryReasons":[],"status":"passed","title":"should throw NotFoundException when responsibility not found"},{"ancestorTitles":["WorkHistoryAmphoeResponsibilityService","findOne","❌ Error Cases"],"duration":0,"failureDetails":[],"failureMessages":[],"fullName":"WorkHistoryAmphoeResponsibilityService findOne ❌ Error Cases should handle database errors","invocations":1,"location":null,"numPassingAsserts":2,"retryReasons":[],"status":"passed","title":"should handle database errors"},{"ancestorTitles":["WorkHistoryAmphoeResponsibilityService","findOne","⚠️ Edge Cases"],"duration":1,"failureDetails":[],"failureMessages":[],"fullName":"WorkHistoryAmphoeResponsibilityService findOne ⚠️ Edge Cases should handle empty string id","invocations":1,"location":null,"numPassingAsserts":1,"retryReasons":[],"status":"passed","title":"should handle empty string id"},{"ancestorTitles":["WorkHistoryAmphoeResponsibilityService","findOne","⚠️ Edge Cases"],"duration":0,"failureDetails":[],"failureMessages":[],"fullName":"WorkHistoryAmphoeResponsibilityService findOne ⚠️ Edge Cases should handle null id","invocations":1,"location":null,"numPassingAsserts":1,"retryReasons":[],"status":"passed","title":"should handle null id"},{"ancestorTitles":["WorkHistoryAmphoeResponsibilityService","findOne","⚠️ Edge Cases"],"duration":1,"failureDetails":[],"failureMessages":[],"fullName":"WorkHistoryAmphoeResponsibilityService findOne ⚠️ Edge Cases should handle undefined id","invocations":1,"location":null,"numPassingAsserts":1,"retryReasons":[],"status":"passed","title":"should handle undefined id"},{"ancestorTitles":["WorkHistoryAmphoeResponsibilityService","update","✅ Success Case"],"duration":5,"failureDetails":[],"failureMessages":[],"fullName":"WorkHistoryAmphoeResponsibilityService update ✅ Success Case should update a responsibility successfully","invocations":1,"location":null,"numPassingAsserts":4,"retryReasons":[],"status":"passed","title":"should update a responsibility successfully"},{"ancestorTitles":["WorkHistoryAmphoeResponsibilityService","update","✅ Success Case"],"duration":1,"failureDetails":[],"failureMessages":[],"fullName":"WorkHistoryAmphoeResponsibilityService update ✅ Success Case should update a responsibility without workHistoryId","invocations":1,"location":null,"numPassingAsserts":2,"retryReasons":[],"status":"passed","title":"should update a responsibility without workHistoryId"},{"ancestorTitles":["WorkHistoryAmphoeResponsibilityService","update","❌ NotFoundException"],"duration":0,"failureDetails":[],"failureMessages":[],"fullName":"WorkHistoryAmphoeResponsibilityService update ❌ NotFoundException should throw NotFoundException when assigned by user has no approved work history","invocations":1,"location":null,"numPassingAsserts":1,"retryReasons":[],"status":"passed","title":"should throw NotFoundException when assigned by user has no approved work history"},{"ancestorTitles":["WorkHistoryAmphoeResponsibilityService","update","❌ NotFoundException"],"duration":1,"failureDetails":[],"failureMessages":[],"fullName":"WorkHistoryAmphoeResponsibilityService update ❌ NotFoundException should throw NotFoundException when new work history not found","invocations":1,"location":null,"numPassingAsserts":1,"retryReasons":[],"status":"passed","title":"should throw NotFoundException when new work history not found"},{"ancestorTitles":["WorkHistoryAmphoeResponsibilityService","update","❌ NotFoundException"],"duration":0,"failureDetails":[],"failureMessages":[],"fullName":"WorkHistoryAmphoeResponsibilityService update ❌ NotFoundException should throw NotFoundException when responsibility not found during preload","invocations":1,"location":null,"numPassingAsserts":1,"retryReasons":[],"status":"passed","title":"should throw NotFoundException when responsibility not found during preload"},{"ancestorTitles":["WorkHistoryAmphoeResponsibilityService","update","❌ NotFoundException"],"duration":1,"failureDetails":[],"failureMessages":[],"fullName":"WorkHistoryAmphoeResponsibilityService update ❌ NotFoundException should throw NotFoundException when responsibility not found after update","invocations":1,"location":null,"numPassingAsserts":1,"retryReasons":[],"status":"passed","title":"should throw NotFoundException when responsibility not found after update"},{"ancestorTitles":["WorkHistoryAmphoeResponsibilityService","update","❌ Error Cases"],"duration":1,"failureDetails":[],"failureMessages":[],"fullName":"WorkHistoryAmphoeResponsibilityService update ❌ Error Cases should handle database errors during update","invocations":1,"location":null,"numPassingAsserts":2,"retryReasons":[],"status":"passed","title":"should handle database errors during update"},{"ancestorTitles":["WorkHistoryAmphoeResponsibilityService","update","⚠️ Edge Cases"],"duration":0,"failureDetails":[],"failureMessages":[],"fullName":"WorkHistoryAmphoeResponsibilityService update ⚠️ Edge Cases should handle empty string id","invocations":1,"location":null,"numPassingAsserts":1,"retryReasons":[],"status":"passed","title":"should handle empty string id"},{"ancestorTitles":["WorkHistoryAmphoeResponsibilityService","update","⚠️ Edge Cases"],"duration":1,"failureDetails":[],"failureMessages":[],"fullName":"WorkHistoryAmphoeResponsibilityService update ⚠️ Edge Cases should handle empty update dto","invocations":1,"location":null,"numPassingAsserts":2,"retryReasons":[],"status":"passed","title":"should handle empty update dto"},{"ancestorTitles":["WorkHistoryAmphoeResponsibilityService","remove","✅ Success Case"],"duration":0,"failureDetails":[],"failureMessages":[],"fullName":"WorkHistoryAmphoeResponsibilityService remove ✅ Success Case should permanently remove a responsibility","invocations":1,"location":null,"numPassingAsserts":2,"retryReasons":[],"status":"passed","title":"should permanently remove a responsibility"},{"ancestorTitles":["WorkHistoryAmphoeResponsibilityService","remove","❌ NotFoundException"],"duration":1,"failureDetails":[],"failureMessages":[],"fullName":"WorkHistoryAmphoeResponsibilityService remove ❌ NotFoundException should throw NotFoundException when responsibility not found","invocations":1,"location":null,"numPassingAsserts":2,"retryReasons":[],"status":"passed","title":"should throw NotFoundException when responsibility not found"},{"ancestorTitles":["WorkHistoryAmphoeResponsibilityService","remove","❌ Error Cases"],"duration":0,"failureDetails":[],"failureMessages":[],"fullName":"WorkHistoryAmphoeResponsibilityService remove ❌ Error Cases should handle database errors during removal","invocations":1,"location":null,"numPassingAsserts":2,"retryReasons":[],"status":"passed","title":"should handle database errors during removal"},{"ancestorTitles":["WorkHistoryAmphoeResponsibilityService","remove","⚠️ Edge Cases"],"duration":1,"failureDetails":[],"failureMessages":[],"fullName":"WorkHistoryAmphoeResponsibilityService remove ⚠️ Edge Cases should handle empty string id","invocations":1,"location":null,"numPassingAsserts":1,"retryReasons":[],"status":"passed","title":"should handle empty string id"},{"ancestorTitles":["WorkHistoryAmphoeResponsibilityService","remove","⚠️ Edge Cases"],"duration":0,"failureDetails":[],"failureMessages":[],"fullName":"WorkHistoryAmphoeResponsibilityService remove ⚠️ Edge Cases should handle null id","invocations":1,"location":null,"numPassingAsserts":1,"retryReasons":[],"status":"passed","title":"should handle null id"}],"endTime":1753349182914,"message":"","name":"/Users/Chiraphat/project-bank/server_new/src/work-history-amphoe-responsibility/work-history-amphoe-responsibility.service.spec.ts","startTime":1753349182761,"status":"passed","summary":""},{"assertionResults":[{"ancestorTitles":["WorkHistoryService","create","✅ Success Cases"],"duration":4,"failureDetails":[],"failureMessages":[],"fullName":"WorkHistoryService create ✅ Success Cases should create a work history with all required fields","invocations":1,"location":null,"numPassingAsserts":9,"retryReasons":[],"status":"passed","title":"should create a work history with all required fields"},{"ancestorTitles":["WorkHistoryService","create","✅ Success Cases"],"duration":1,"failureDetails":[],"failureMessages":[],"fullName":"WorkHistoryService create ✅ Success Cases should create a work history without government agency","invocations":1,"location":null,"numPassingAsserts":1,"retryReasons":[],"status":"passed","title":"should create a work history without government agency"},{"ancestorTitles":["WorkHistoryService","create","❌ NotFoundException Cases"],"duration":11,"failureDetails":[],"failureMessages":[],"fullName":"WorkHistoryService create ❌ NotFoundException Cases should throw NotFoundException when creator not found","invocations":1,"location":null,"numPassingAsserts":2,"retryReasons":[],"status":"passed","title":"should throw NotFoundException when creator not found"},{"ancestorTitles":["WorkHistoryService","create","❌ NotFoundException Cases"],"duration":0,"failureDetails":[],"failureMessages":[],"fullName":"WorkHistoryService create ❌ NotFoundException Cases should throw NotFoundException when amphoe not found","invocations":1,"location":null,"numPassingAsserts":1,"retryReasons":[],"status":"passed","title":"should throw NotFoundException when amphoe not found"},{"ancestorTitles":["WorkHistoryService","create","❌ NotFoundException Cases"],"duration":1,"failureDetails":[],"failureMessages":[],"fullName":"WorkHistoryService create ❌ NotFoundException Cases should throw NotFoundException when LAO not found","invocations":1,"location":null,"numPassingAsserts":1,"retryReasons":[],"status":"passed","title":"should throw NotFoundException when LAO not found"},{"ancestorTitles":["WorkHistoryService","create","❌ NotFoundException Cases"],"duration":1,"failureDetails":[],"failureMessages":[],"fullName":"WorkHistoryService create ❌ NotFoundException Cases should throw NotFoundException when user not found","invocations":1,"location":null,"numPassingAsserts":1,"retryReasons":[],"status":"passed","title":"should throw NotFoundException when user not found"},{"ancestorTitles":["WorkHistoryService","create","❌ NotFoundException Cases"],"duration":2,"failureDetails":[],"failureMessages":[],"fullName":"WorkHistoryService create ❌ NotFoundException Cases should throw NotFoundException when work status not found","invocations":1,"location":null,"numPassingAsserts":1,"retryReasons":[],"status":"passed","title":"should throw NotFoundException when work status not found"},{"ancestorTitles":["WorkHistoryService","create","❌ NotFoundException Cases"],"duration":3,"failureDetails":[],"failureMessages":[],"fullName":"WorkHistoryService create ❌ NotFoundException Cases should throw NotFoundException when role not found","invocations":1,"location":null,"numPassingAsserts":1,"retryReasons":[],"status":"passed","title":"should throw NotFoundException when role not found"},{"ancestorTitles":["WorkHistoryService","create","❌ NotFoundException Cases"],"duration":1,"failureDetails":[],"failureMessages":[],"fullName":"WorkHistoryService create ❌ NotFoundException Cases should throw NotFoundException when government agency not found","invocations":1,"location":null,"numPassingAsserts":1,"retryReasons":[],"status":"passed","title":"should throw NotFoundException when government agency not found"},{"ancestorTitles":["WorkHistoryService","create","❌ InternalServerErrorException Cases"],"duration":1,"failureDetails":[],"failureMessages":[],"fullName":"WorkHistoryService create ❌ InternalServerErrorException Cases should handle database save error","invocations":1,"location":null,"numPassingAsserts":1,"retryReasons":[],"status":"passed","title":"should handle database save error"},{"ancestorTitles":["WorkHistoryService","create","⚠️ Edge Cases"],"duration":0,"failureDetails":[],"failureMessages":[],"fullName":"WorkHistoryService create ⚠️ Edge Cases should handle empty string IDs","invocations":1,"location":null,"numPassingAsserts":1,"retryReasons":[],"status":"passed","title":"should handle empty string IDs"},{"ancestorTitles":["WorkHistoryService","create","⚠️ Edge Cases"],"duration":6,"failureDetails":[],"failureMessages":[],"fullName":"WorkHistoryService create ⚠️ Edge Cases should handle null/undefined values","invocations":1,"location":null,"numPassingAsserts":1,"retryReasons":[],"status":"passed","title":"should handle null/undefined values"},{"ancestorTitles":["WorkHistoryService","findAll","✅ Success Cases"],"duration":5,"failureDetails":[],"failureMessages":[],"fullName":"WorkHistoryService findAll ✅ Success Cases should return all work histories without filters","invocations":1,"location":null,"numPassingAsserts":4,"retryReasons":[],"status":"passed","title":"should return all work histories without filters"},{"ancestorTitles":["WorkHistoryService","findAll","✅ Success Cases"],"duration":1,"failureDetails":[],"failureMessages":[],"fullName":"WorkHistoryService findAll ✅ Success Cases should return filtered work histories with workStatusId","invocations":1,"location":null,"numPassingAsserts":2,"retryReasons":[],"status":"passed","title":"should return filtered work histories with workStatusId"},{"ancestorTitles":["WorkHistoryService","findAll","✅ Success Cases"],"duration":1,"failureDetails":[],"failureMessages":[],"fullName":"WorkHistoryService findAll ✅ Success Cases should return filtered work histories with roleId","invocations":1,"location":null,"numPassingAsserts":2,"retryReasons":[],"status":"passed","title":"should return filtered work histories with roleId"},{"ancestorTitles":["WorkHistoryService","findAll","✅ Success Cases"],"duration":0,"failureDetails":[],"failureMessages":[],"fullName":"WorkHistoryService findAll ✅ Success Cases should return filtered work histories with both workStatusId and roleId","invocations":1,"location":null,"numPassingAsserts":2,"retryReasons":[],"status":"passed","title":"should return filtered work histories with both workStatusId and roleId"},{"ancestorTitles":["WorkHistoryService","findAll","❌ InternalServerErrorException Cases"],"duration":1,"failureDetails":[],"failureMessages":[],"fullName":"WorkHistoryService findAll ❌ InternalServerErrorException Cases should handle database query error","invocations":1,"location":null,"numPassingAsserts":1,"retryReasons":[],"status":"passed","title":"should handle database query error"},{"ancestorTitles":["WorkHistoryService","findAll","⚠️ Edge Cases"],"duration":0,"failureDetails":[],"failureMessages":[],"fullName":"WorkHistoryService findAll ⚠️ Edge Cases should handle empty string filters","invocations":1,"location":null,"numPassingAsserts":2,"retryReasons":[],"status":"passed","title":"should handle empty string filters"},{"ancestorTitles":["WorkHistoryService","findOne","✅ Success Cases"],"duration":1,"failureDetails":[],"failureMessages":[],"fullName":"WorkHistoryService findOne ✅ Success Cases should return a work history by ID","invocations":1,"location":null,"numPassingAsserts":2,"retryReasons":[],"status":"passed","title":"should return a work history by ID"},{"ancestorTitles":["WorkHistoryService","findOne","❌ NotFoundException Cases"],"duration":1,"failureDetails":[],"failureMessages":[],"fullName":"WorkHistoryService findOne ❌ NotFoundException Cases should throw NotFoundException when work history not found","invocations":1,"location":null,"numPassingAsserts":2,"retryReasons":[],"status":"passed","title":"should throw NotFoundException when work history not found"},{"ancestorTitles":["WorkHistoryService","findOne","❌ InternalServerErrorException Cases"],"duration":1,"failureDetails":[],"failureMessages":[],"fullName":"WorkHistoryService findOne ❌ InternalServerErrorException Cases should handle database query error","invocations":1,"location":null,"numPassingAsserts":1,"retryReasons":[],"status":"passed","title":"should handle database query error"},{"ancestorTitles":["WorkHistoryService","findOne","⚠️ Edge Cases"],"duration":1,"failureDetails":[],"failureMessages":[],"fullName":"WorkHistoryService findOne ⚠️ Edge Cases should handle empty string ID","invocations":1,"location":null,"numPassingAsserts":1,"retryReasons":[],"status":"passed","title":"should handle empty string ID"},{"ancestorTitles":["WorkHistoryService","findOne","⚠️ Edge Cases"],"duration":1,"failureDetails":[],"failureMessages":[],"fullName":"WorkHistoryService findOne ⚠️ Edge Cases should handle null/undefined ID","invocations":1,"location":null,"numPassingAsserts":1,"retryReasons":[],"status":"passed","title":"should handle null/undefined ID"},{"ancestorTitles":["WorkHistoryService","update","✅ Success Cases"],"duration":1,"failureDetails":[],"failureMessages":[],"fullName":"WorkHistoryService update ✅ Success Cases should update a work history with all fields","invocations":1,"location":null,"numPassingAsserts":4,"retryReasons":[],"status":"passed","title":"should update a work history with all fields"},{"ancestorTitles":["WorkHistoryService","update","✅ Success Cases"],"duration":0,"failureDetails":[],"failureMessages":[],"fullName":"WorkHistoryService update ✅ Success Cases should update a work history without government agency","invocations":1,"location":null,"numPassingAsserts":1,"retryReasons":[],"status":"passed","title":"should update a work history without government agency"},{"ancestorTitles":["WorkHistoryService","update","❌ NotFoundException Cases"],"duration":1,"failureDetails":[],"failureMessages":[],"fullName":"WorkHistoryService update ❌ NotFoundException Cases should throw NotFoundException when updator not found","invocations":1,"location":null,"numPassingAsserts":2,"retryReasons":[],"status":"passed","title":"should throw NotFoundException when updator not found"},{"ancestorTitles":["WorkHistoryService","update","❌ NotFoundException Cases"],"duration":1,"failureDetails":[],"failureMessages":[],"fullName":"WorkHistoryService update ❌ NotFoundException Cases should throw NotFoundException when work history not found","invocations":1,"location":null,"numPassingAsserts":1,"retryReasons":[],"status":"passed","title":"should throw NotFoundException when work history not found"},{"ancestorTitles":["WorkHistoryService","update","❌ NotFoundException Cases"],"duration":1,"failureDetails":[],"failureMessages":[],"fullName":"WorkHistoryService update ❌ NotFoundException Cases should throw NotFoundException when amphoe not found","invocations":1,"location":null,"numPassingAsserts":1,"retryReasons":[],"status":"passed","title":"should throw NotFoundException when amphoe not found"},{"ancestorTitles":["WorkHistoryService","update","❌ NotFoundException
[...]
u001b[1m● \u001b[22mTest suite failed to run\n\n    \u001b[96msrc/auth/auth.guard.spec.ts\u001b[0m:\u001b[93m1\u001b[0m:\u001b[93m10\u001b[0m - \u001b[91merror\u001b[0m\u001b[90m TS2724: \u001b[0m'\"./auth.guard\"' has no exported member named 'AuthGuard'. Did you mean 'JwtAuthGuard'?\n\n    \u001b[7m1\u001b[0m import { AuthGuard } from './auth.guard';\n    \u001b[7m \u001b[0m \u001b[91m         ~~~~~~~~~\u001b[0m\n\n      \u001b[96msrc/auth/auth.guard.ts\u001b[0m:\u001b[93m6\u001b[0m:\u001b[93m14\u001b[0m\n        \u001b[7m6\u001b[0m export class JwtAuthGuard extends AuthGuard('jwt')\n        \u001b[7m \u001b[0m \u001b[96m             ~~~~~~~~~~~~\u001b[0m\n        'JwtAuthGuard' is declared here.\n","name":"/Users/Chiraphat/project-bank/server_new/src/auth/auth.guard.spec.ts","startTime":1753349185334,"status":"failed","summary":""},{"assertionResults":[{"ancestorTitles":["UsersController"],"duration":7,"failureDetails":[],"failureMessages":[],"fullName":"UsersController should be defined","invocations":1,"location":null,"numPassingAsserts":1,"retryReasons":[],"status":"passed","title":"should be defined"}],"endTime":1753349184456,"message":"","name":"/Users/Chiraphat/project-bank/server_new/src/users/users.controller.spec.ts","startTime":1753349184169,"status":"passed","summary":""},{"assertionResults":[{"ancestorTitles":["AppController","root"],"duration":7,"failureDetails":[],"failureMessages":[],"fullName":"AppController root should return \"Hello World!\"","invocations":1,"location":null,"numPassingAsserts":1,"retryReasons":[],"status":"passed","title":"should return \"Hello World!\""}],"endTime":1753349184918,"message":"","name":"/Users/Chiraphat/project-bank/server_new/src/app.controller.spec.ts","startTime":1753349180411,"status":"passed","summary":""},{"assertionResults":[{"ancestorTitles":["ProjectGroupsController"],"duration":10,"failureDetails":[],"failureMessages":[],"fullName":"ProjectGroupsController should be defined","invocations":1,"location":null,"numPassingAsserts":1,"retryReasons":[],"status":"passed","title":"should be defined"}],"endTime":1753349185093,"message":"","name":"/Users/Chiraphat/project-bank/server_new/src/project-groups/project-groups.controller.spec.ts","startTime":1753349180255,"status":"passed","summary":""},{"assertionResults":[{"ancestorTitles":["BudgetController"],"duration":9,"failureDetails":[],"failureMessages":[],"fullName":"BudgetController should be defined","invocations":1,"location":null,"numPassingAsserts":1,"retryReasons":[],"status":"passed","title":"should be defined"}],"endTime":1753349185126,"message":"","name":"/Users/Chiraphat/project-bank/server_new/src/budget/budget.controller.spec.ts","startTime":1753349180396,"status":"passed","summary":""},{"assertionResults":[{"ancestorTitles":["StrategyController"],"duration":9,"failureDetails":[],"failureMessages":[],"fullName":"StrategyController should be defined","invocations":1,"location":null,"numPassingAsserts":1,"retryReasons":[],"status":"passed","title":"should be defined"}],"endTime":1753349185133,"message":"","name":"/Users/Chiraphat/project-bank/server_new/src/strategy/strategy.controller.spec.ts","startTime":1753349180296,"status":"passed","summary":""},{"assertionResults":[{"ancestorTitles":["AuthService"],"duration":6,"failureDetails":[{"type":"AuthService","context":{"index":0,"dependencies":["UserRepository",null,null],"name":"UserRepository"},"metadata":{"id":"13183207886ff13222d18"},"moduleRef":{"id":"ea6e94113613183207886"}}],"failureMessages":["Error: Nest can't resolve dependencies of the AuthService (?, UsersService, JwtService). Please make sure that the argument \"UserRepository\" at index [0] is available in the RootTestModule context.\n\nPotential solutions:\n- Is RootTestModule a valid NestJS module?\n- If \"UserRepository\" is a provider, is it part of the current RootTestModule?\n- If \"UserRepository\" is exported from a separate @Module, is that module imported within RootTestModule?\n  @Module({\n    imports: [ /* the Module containing \"UserRepository\" */ ]\n  })\n\n    at TestingInjector.lookupComponentInParentModules (/Users/Chiraphat/project-bank/server_new/node_modules/@nestjs/core/injector/injector.js:262:19)\n    at processTicksAndRejections (node:internal/process/task_queues:105:5)\n    at TestingInjector.resolveComponentInstance (/Users/Chiraphat/project-bank/server_new/node_modules/@nestjs/core/injector/injector.js:215:33)\n    at TestingInjector.resolveComponentInstance (/Users/Chiraphat/project-bank/server_new/node_modules/@nestjs/testing/testing-injector.js:19:45)\n    at resolveParam (/Users/Chiraphat/project-bank/server_new/node_modules/@nestjs/core/injector/injector.js:129:38)\n    at async Promise.all (index 0)\n    at TestingInjector.resolveConstructorParams (/Users/Chiraphat/project-bank/server_new/node_modules/@nestjs/core/injector/injector.js:144:27)\n    at TestingInjector.loadInstance (/Users/Chiraphat/project-bank/server_new/node_modules/@nestjs/core/injector/injector.js:70:13)\n    at TestingInjector.loadProvider (/Users/Chiraphat/project-bank/server_new/node_modules/@nestjs/core/injector/injector.js:98:9)\n    at /Users/Chiraphat/project-bank/server_new/node_modules/@nestjs/core/injector/instance-loader.js:56:13\n    at async Promise.all (index 3)\n    at TestingInstanceLoader.createInstancesOfProviders (/Users/Chiraphat/project-bank/server_new/node_modules/@nestjs/core/injector/instance-loader.js:55:9)\n    at /Users/Chiraphat/project-bank/server_new/node_modules/@nestjs/core/injector/instance-loader.js:40:13\n    at async Promise.all (index 1)\n    at TestingInstanceLoader.createInstances (/Users/Chiraphat/project-bank/server_new/node_modules/@nestjs/core/injector/instance-loader.js:39:9)\n    at TestingInstanceLoader.createInstancesOfDependencies (/Users/Chiraphat/project-bank/server_new/node_modules/@nestjs/core/injector/instance-loader.js:22:13)\n    at TestingInstanceLoader.createInstancesOfDependencies (/Users/Chiraphat/project-bank/server_new/node_modules/@nestjs/testing/testing-instance-loader.js:9:9)\n    at TestingModuleBuilder.createInstancesOfDependencies (/Users/Chiraphat/project-bank/server_new/node_modules/@nestjs/testing/testing-module.builder.js:118:9)\n    at TestingModuleBuilder.compile (/Users/Chiraphat/project-bank/server_new/node_modules/@nestjs/testing/testing-module.builder.js:74:9)\n    at Object.<anonymous> (/Users/Chiraphat/project-bank/server_new/src/auth/auth.service.spec.ts:8:35)"],"fullName":"AuthService should be defined","invocations":1,"location":null,"numPassingAsserts":0,"retryReasons":[],"status":"failed","title":"should be defined"}],"endTime":1753349185204,"message":"\u001b[1m\u001b[31m  \u001b[1m● \u001b[22m\u001b[1mAuthService › should be defined\u001b[39m\u001b[22m\n\n    Nest can't resolve dependencies of the AuthService (?, UsersService, JwtService). Please make sure that the argument \"UserRepository\" at index [0] is available in the RootTestModule context.\n\n    Potential solutions:\n    - Is RootTestModule a valid NestJS module?\n    - If \"UserRepository\" is a provider, is it part of the current RootTestModule?\n    - If \"UserRepository\" is exported from a separate @Module, is that module imported within RootTestModule?\n      @Module({\n        imports: [ /* the Module containing \"UserRepository\" */ ]\n      })\n\u001b[2m\u001b[22m\n\u001b[2m    \u001b[0m \u001b[90m  6 |\u001b[39m\u001b[22m\n\u001b[2m     \u001b[90m  7 |\u001b[39m   beforeEach(\u001b[36masync\u001b[39m () \u001b[33m=>\u001b[39m {\u001b[22m\n\u001b[2m    \u001b[31m\u001b[1m>\u001b[22m\u001b[2m\u001b[39m\u001b[90m  8 |\u001b[39m     \u001b[36mconst\u001b[39m module\u001b[33m:\u001b[39m \u001b[33mTestingModule\u001b[39m \u001b[33m=\u001b[39m \u001b[36mawait\u001b[39m \u001b[33mTest\u001b[39m\u001b[33m.\u001b[39mcreateTestingModule({\u001b[22m\n\u001b[2m     \u001b[90m    |\u001b[39m                                   \u001b[31m\u001b[1m^\u001b[22m\u001b[2m\u001b[39m\u001b[22m\n\u001b[2m     \u001b[90m  9 |\u001b[39m       providers\u001b[33m:\u001b[39m [\u001b[33mAuthService\u001b[39m]\u001b[33m,\u001b[39m\u001b[22m\n\u001b[2m     \u001b[90m 10 |\u001b[39m     })\u001b[33m.\u001b[39mcompile()\u001b[33m;\u001b[39m\u001b[22m\n\u001b[2m     \u001b[90m 11 |\u001b[39m\u001b[0m\u001b[22m\n\u001b[2m\u001b[22m\n\u001b[2m      \u001b[2mat TestingInjector.lookupComponentInParentModules (\u001b[22m\u001b[2m../node_modules/@nestjs/core/injector/injector.js\u001b[2m:262:19)\u001b[22m\u001b[2m\u001b[22m\n\u001b[2m      \u001b[2mat TestingInjector.resolveComponentInstance (\u001b[22m\u001b[2m../node_modules/@nestjs/core/injector/injector.js\u001b[2m:215:33)\u001b[22m\u001b[2m\u001b[22m\n\u001b[2m      \u001b[2mat TestingInjector.resolveComponentInstance (\u001b[22m\u001b[2m../node_modules/@nestjs/testing/testing-injector.js\u001b[2m:19:45)\u001b[22m\u001b[2m\u001b[22m\n\u001b[2m      \u001b[2mat resolveParam (\u001b[22m\u001b[2m../node_modules/@nestjs/core/injector/injector.js\u001b[2m:129:38)\u001b[22m\u001b[2m\u001b[22m\n\u001b[2m          at async Promise.all (index 0)\u001b[22m\n\u001b[2m      \u001b[2mat TestingInjector.resolveConstructorParams (\u001b[22m\u001b[2m../node_modules/@nestjs/core/injector/injector.js\u001b[2m:144:27)\u001b[22m\u001b[2m\u001b[22m\n\u001b[2m      \u001b[2mat TestingInjector.loadInstance (\u001b[22m\u001b[2m../node_modules/@nestjs/core/injector/injector.js\u001b[2m:70:13)\u001b[22m\u001b[2m\u001b[22m\n\u001b[2m      \u001b[2mat TestingInjector.loadProvider (\u001b[22m\u001b[2m../node_modules/@nestjs/core/injector/injector.js\u001b[2m:98:9)\u001b[22m\u001b[2m\u001b[22m\n\u001b[2m      \u001b[2mat \u001b[22m\u001b[2m../node_modules/@nestjs/core/injector/instance-loader.js\u001b[2m:56:13\u001b[22m\u001b[2m\u001b[22m\n\u001b[2m          at async Promise.all (index 3)\u001b[22m\n\u001b[2m      \u001b[2mat TestingInstanceLoader.createInstancesOfProviders (\u001b[22m\u001b[2m../node_modules/@nestjs/core/injector/instance-loader.js\u001b[2m:55:9)\u001b[22m\u001b[2m\u001b[22m\n\u001b[2m      \u001b[2mat \u001b[22m\u001b[2m../node_modules/@nestjs/core/injector/instance-loader.js\u001b[2m:40:13\u001b[22m\u001b[2m\u001b[22m\n\u001b[2m          at async Promise.all (index 1)\u001b[22m\n\u001b[2m      \u001b[2mat TestingInstanceLoader.createInstances (\u001b[22m\u001b[2m../node_modules/@nestjs/core/injector/instance-loader.js\u001b[2m:39:9)\u001b[22m\u001b[2m\u001b[22m\n\u001b[2m      \u001b[2mat TestingInstanceLoader.createInstancesOfDependencies (\u001b[22m\u001b[2m../node_modules/@nestjs/core/injector/instance-loader.js\u001b[2m:22:13)\u001b[22m\u001b[2m\u001b[22m\n\u001b[2m      \u001b[2mat TestingInstanceLoader.createInstancesOfDependencies (\u001b[22m\u001b[2m../node_modules/@nestjs/testing/testing-instance-loader.js\u001b[2m:9:9)\u001b[22m\u001b[2m\u001b[22m\n\u001b[2m      \u001b[2mat TestingModuleBuilder.createInstancesOfDependencies (\u001b[22m\u001b[2m../node_modules/@nestjs/testing/testing-module.builder.js\u001b[2m:118:9)\u001b[22m\u001b[2m\u001b[22m\n\u001b[2m      \u001b[2mat TestingModuleBuilder.compile (\u001b[22m\u001b[2m../node_modules/@nestjs/testing/testing-module.builder.js\u001b[2m:74:9)\u001b[22m\u001b[2m\u001b[22m\n\u001b[2m      \u001b[2mat Object.<anonymous> (\u001b[22m\u001b[2m\u001b[0m\u001b[36mauth/auth.service.spec.ts\u001b[39m\u001b[0m\u001b[2m:8:35)\u001b[22m\u001b[2m\u001b[22m\n","name":"/Users/Chiraphat/project-bank/server_new/src/auth/auth.service.spec.ts","startTime":1753349180375,"status":"failed","summary":""},{"assertionResults":[{"ancestorTitles":["PdfController"],"duration":6,"failureDetails":[{"type":"PdfService","context":{"index":0,"dependencies":["BudgetPlanRepository"],"name":"BudgetPlanRepository"},"metadata":{"id":"19b8e3a9a972128c4f5fa"},"moduleRef":{"id":"e1cf739e9d19b8e3a9a97"}}],"failureMessages":["Error: Nest can't resolve dependencies of the PdfService (?). Please make sure that the argument \"BudgetPlanRepository\" at index [0] is available in the RootTestModule context.\n\nPotential solutions:\n- Is RootTestModule a valid NestJS module?\n- If \"BudgetPlanRepository\" is a provider, is it part of the current RootTestModule?\n- If \"BudgetPlanRepository\" is exported from a separate @Module, is that module imported within RootTestModule?\n  @Module({\n    imports: [ /* the Module containing \"BudgetPlanRepository\" */ ]\n  })\n\n    at TestingInjector.lookupComponentInParentModules (/Users/Chiraphat/project-bank/server_new/node_modules/@nestjs/core/injector/injector.js:262:19)\n    at processTicksAndRejections (node:internal/process/task_queues:105:5)\n    at TestingInjector.resolveComponentInstance (/Users/Chiraphat/project-bank/server_new/node_modules/@nestjs/core/injector/injector.js:215:33)\n    at TestingInjector.resolveComponentInstance (/Users/Chiraphat/project-bank/server_new/node_modules/@nestjs/testing/testing-injector.js:19:45)\n    at resolveParam (/Users/Chiraphat/project-bank/server_new/node_modules/@nestjs/core/injector/injector.js:129:38)\n    at async Promise.all (index 0)\n    at TestingInjector.resolveConstructorParams (/Users/Chiraphat/project-bank/server_new/node_modules/@nestjs/core/injector/injector.js:144:27)\n    at TestingInjector.loadInstance (/Users/Chiraphat/project-bank/server_new/node_modules/@nestjs/core/injector/injector.js:70:13)\n    at TestingInjector.loadProvider (/Users/Chiraphat/project-bank/server_new/node_modules/@nestjs/core/injector/injector.js:98:9)\n    at /Users/Chiraphat/project-bank/server_new/node_modules/@nestjs/core/injector/instance-loader.js:56:13\n    at async Promise.all (index 3)\n    at TestingInstanceLoader.createInstancesOfProviders (/Users/Chiraphat/project-bank/server_new/node_modules/@nestjs/core/injector/instance-loader.js:55:9)\n    at /Users/Chiraphat/project-bank/server_new/node_modules/@nestjs/core/injector/instance-loader.js:40:13\n    at async Promise.all (index 1)\n    at TestingInstanceLoader.createInstances (/Users/Chiraphat/project-bank/server_new/node_modules/@nestjs/core/injector/instance-loader.js:39:9)\n    at TestingInstanceLoader.createInstancesOfDependencies (/Users/Chiraphat/project-bank/server_new/node_modules/@nestjs/core/injector/instance-loader.js:22:13)\n    at TestingInstanceLoader.createInstancesOfDependencies (/Users/Chiraphat/project-bank/server_new/node_modules/@nestjs/testing/testing-instance-loader.js:9:9)\n    at TestingModuleBuilder.createInstancesOfDependencies (/Users/Chiraphat/project-bank/server_new/node_modules/@nestjs/testing/testing-module.builder.js:118:9)\n    at TestingModuleBuilder.compile (/Users/Chiraphat/project-bank/server_new/node_modules/@nestjs/testing/testing-module.builder.js:74:9)\n    at Object.<anonymous> (/Users/Chiraphat/project-bank/server_new/src/pdf/pdf.controller.spec.ts:9:35)"],"fullName":"PdfController should be defined","invocations":1,"location":null,"numPassingAsserts":0,"retryReasons":[],"status":"failed","title":"should be defined"}],"endTime":1753349185250,"message":"\u001b[1m\u001b[31m  \u001b[1m● \u001b[22m\u001b[1mPdfController › should be defined\u001b[39m\u001b[22m\n\n    Nest can't resolve dependencies of the PdfService (?). Please make sure that the argument \"BudgetPlanRepository\" at index [0] is available in the RootTestModule context.\n\n    Potential solutions:\n    - Is RootTestModule a valid NestJS module?\n    - If \"BudgetPlanRepository\" is a provider, is it part of the current RootTestModule?\n    - If \"BudgetPlanRepository\" is exported from a separate @Module, is that module imported within RootTestModule?\n      @Module({\n        imports: [ /* the Module containing \"BudgetPlanRepository\" */ ]\n      })\n\u001b[2m\u001b[22m\n\u001b[2m    \u001b[0m \u001b[90m  7 |\u001b[39m\u001b[22m\n\u001b[2m     \u001b[90m  8 |\u001b[39m   beforeEach(\u001b[36masync\u001b[39m () \u001b[33m=>\u001b[39m {\u001b[22m\n\u001b[2m    \u001b[31m\u001b[1m>\u001b[22m\u001b[2m\u001b[39m\u001b[90m  9 |\u001b[39m     \u001b[36mconst\u001b[39m module\u001b[33m:\u001b[39m \u001b[33mTestingModule\u001b[39m \u001b[33m=\u001b[39m \u001b[36mawait\u001b[39m \u001b[33mTest\u001b[39m\u001b[33m.\u001b[39mcreateTestingModule({\u001b[22m\n\u001b[2m     \u001b[90m    |\u001b[39m                                   \u001b[31m\u001b[1m^\u001b[22m\u001b[2m\u001b[39m\u001b[22m\n\u001b[2m     \u001b[90m 10 |\u001b[39m       controllers\u001b[33m:\u001b[39m [\u001b[33mPdfController\u001b[39m]\u001b[33m,\u001b[39m\u001b[22m\n\u001b[2m     \u001b[90m 11 |\u001b[39m       providers\u001b[33m:\u001b[39m [\u001b[33mPdfService\u001b[39m]\u001b[33m,\u001b[39m\u001b[22m\n\u001b[2m     \u001b[90m 12 |\u001b[39m     })\u001b[33m.\u001b[39mcompile()\u001b[33m;\u001b[39m\u001b[0m\u001b[22m\n\u001b[2m\u001b[22m\n\u001b[2m      \u001b[2mat TestingInjector.lookupComponentInParentModules (\u001b[22m\u001b[2m../node_modules/@nestjs/core/injector/injector.js\u001b[2m:262:19)\u001b[22m\u001b[2m\u001b[22m\n\u001b[2m      \u001b[2mat TestingInjector.resolveComponentInstance (\u001b[22m\u001b[2m../node_modules/@nestjs/core/injector/injector.js\u001b[2m:215:33)\u001b[22m\u001b[2m\u001b[22m\n\u001b[2m      \u001b[2mat TestingInjector.resolveComponentInstance (\u001b[22m\u001b[2m../node_modules/@nestjs/testing/testing-injector.js\u001b[2m:19:45)\u001b[22m\u001b[2m\u001b[22m\n\u001b[2m      \u001b[2mat resolveParam (\u001b[22m\u001b[2m../node_modules/@nestjs/core/injector/injector.js\u001b[2m:129:38)\u001b[22m\u001b[2m\u001b[22m\n\u001b[2m          at async Promise.all (index 0)\u001b[22m\n\u001b[2m      \u001b[2mat TestingInjector.resolveConstructorParams (\u001b[22m\u001b[2m../node_modules/@nestjs/core/injector/injector.js\u001b[2m:144:27)\u001b[22m\u001b[2m\u001b[22m\n\u001b[2m      \u001b[2mat TestingInjector.loadInstance (\u001b[22m\u001b[2m../node_modules/@nestjs/core/injector/injector.js\u001b[2m:70:13)\u001b[22m\u001b[2m\u001b[22m\n\u001b[2m      \u001b[2mat TestingInjector.loadProvider (\u001b[22m\u001b[2m../node_modules/@nestjs/core/injector/injector.js\u001b[2m:98:9)\u001b[22m\u001b[2m\u001b[22m\n\u001b[2m      \u001b[2mat \u001b[22m\u001b[2m../node_modules/@nestjs/core/injector/instance-loader.js\u001b[2m:56:13\u001b[22m\u001b[2m\u001b[22m\n\u001b[2m          at async Promise.all (index 3)\u001b[22m\n\u001b[2m      \u001b[2mat TestingInstanceLoader.createInstancesOfProviders (\u001b[22m\u001b[2m../node_modules/@nestjs/core/injector/instance-loader.js\u001b[2m:55:9)\u001b[22m\u001b[2m\u001b[22m\n\u001b[2m      \u001b[2mat \u001b[22m\u001b[2m../node_modules/@nestjs/core/injector/instance-loader.js\u001b[2m:40:13\u001b[22m\u001b[2m\u001b[22m\n\u001b[2m          at async Promise.all (index 1)\u001b[22m\n\u001b[2m      \u001b[2mat TestingInstanceLoader.createInstances (\u001b[22m\u001b[2m../node_modules/@nestjs/core/injector/instance-loader.js\u001b[2m:39:9)\u001b[22m\u001b[2m\u001b[22m\n\u001b[2m      \u001b[2mat TestingInstanceLoader.createInstancesOfDependencies (\u001b[22m\u001b[2m../node_modules/@nestjs/core/injector/instance-loader.js\u001b[2m:22:13)\u001b[22m\u001b[2m\u001b[22m\n\u001b[2m      \u001b[2mat TestingInstanceLoader.createInstancesOfDependencies (\u001b[22m\u001b[2m../node_modules/@nestjs/testing/testing-instance-loader.js\u001b[2m:9:9)\u001b[22m\u001b[2m\u001b[22m\n\u001b[2m      \u001b[2mat TestingModuleBuilder.createInstancesOfDependencies (\u001b[22m\u001b[2m../node_modules/@nestjs/testing/testing-module.builder.js\u001b[2m:118:9)\u001b[22m\u001b[2m\u001b[22m\n\u001b[2m      \u001b[2mat TestingModuleBuilder.compile (\u001b[22m\u001b[2m../node_modules/@nestjs/testing/testing-module.builder.js\u001b[2m:74:9)\u001b[22m\u001b[2m\u001b[22m\n\u001b[2m      \u001b[2mat Object.<anonymous> (\u001b[22m\u001b[2m\u001b[0m\u001b[36mpdf/pdf.controller.spec.ts\u001b[39m\u001b[0m\u001b[2m:9:35)\u001b[22m\u001b[2m\u001b[22m\n","name":"/Users/Chiraphat/project-bank/server_new/src/pdf/pdf.controller.spec.ts","startTime":1753349180387,"status":"failed","summary":""}],"wasInterrupted":false}
